[2023-06-16 12:37:13,967] {taskinstance.py:1159} INFO - Dependencies all met for <TaskInstance: postgres_dag.query_task manual__2023-06-16T12:37:10.990817+00:00 [queued]>
[2023-06-16 12:37:13,973] {taskinstance.py:1159} INFO - Dependencies all met for <TaskInstance: postgres_dag.query_task manual__2023-06-16T12:37:10.990817+00:00 [queued]>
[2023-06-16 12:37:13,976] {taskinstance.py:1356} INFO - 
--------------------------------------------------------------------------------
[2023-06-16 12:37:13,977] {taskinstance.py:1357} INFO - Starting attempt 1 of 2
[2023-06-16 12:37:13,978] {taskinstance.py:1358} INFO - 
--------------------------------------------------------------------------------
[2023-06-16 12:37:13,999] {taskinstance.py:1377} INFO - Executing <Task(PostgresOperator): query_task> on 2023-06-16 12:37:10.990817+00:00
[2023-06-16 12:37:14,006] {standard_task_runner.py:52} INFO - Started process 1629 to run task
[2023-06-16 12:37:14,022] {standard_task_runner.py:79} INFO - Running: ['***', 'tasks', 'run', 'postgres_dag', 'query_task', 'manual__2023-06-16T12:37:10.990817+00:00', '--job-id', '12', '--raw', '--subdir', 'DAGS_FOLDER/postgres_dag.py', '--cfg-path', '/tmp/tmp2gvz6bzt', '--error-file', '/tmp/tmpl97p4n0z']
[2023-06-16 12:37:14,023] {standard_task_runner.py:80} INFO - Job 12: Subtask query_task
[2023-06-16 12:37:14,098] {task_command.py:370} INFO - Running <TaskInstance: postgres_dag.query_task manual__2023-06-16T12:37:10.990817+00:00 [running]> on host f97be8e8a009
[2023-06-16 12:37:14,180] {taskinstance.py:1571} INFO - Exporting the following env vars:
AIRFLOW_CTX_DAG_OWNER=***
AIRFLOW_CTX_DAG_ID=postgres_dag
AIRFLOW_CTX_TASK_ID=query_task
AIRFLOW_CTX_EXECUTION_DATE=2023-06-16T12:37:10.990817+00:00
AIRFLOW_CTX_TRY_NUMBER=1
AIRFLOW_CTX_DAG_RUN_ID=manual__2023-06-16T12:37:10.990817+00:00
[2023-06-16 12:37:14,190] {base.py:68} INFO - Using connection ID 'postgre_assign' for task execution.
[2023-06-16 12:37:14,198] {dbapi.py:213} INFO - Running statement: select * from execution;, parameters: None
[2023-06-16 12:37:14,200] {dbapi.py:221} INFO - Rows affected: 3
[2023-06-16 12:37:14,213] {taskinstance.py:1400} INFO - Marking task as SUCCESS. dag_id=postgres_dag, task_id=query_task, execution_date=20230616T123710, start_date=20230616T123713, end_date=20230616T123714
[2023-06-16 12:37:14,269] {local_task_job.py:156} INFO - Task exited with return code 0
[2023-06-16 12:37:14,302] {local_task_job.py:273} INFO - 0 downstream tasks scheduled from follow-on schedule check
