[2023-06-16 12:20:24,921] {taskinstance.py:1159} INFO - Dependencies all met for <TaskInstance: postgres_dag.createtable_task manual__2023-06-16T12:20:23.779846+00:00 [queued]>
[2023-06-16 12:20:24,927] {taskinstance.py:1159} INFO - Dependencies all met for <TaskInstance: postgres_dag.createtable_task manual__2023-06-16T12:20:23.779846+00:00 [queued]>
[2023-06-16 12:20:24,928] {taskinstance.py:1356} INFO - 
--------------------------------------------------------------------------------
[2023-06-16 12:20:24,928] {taskinstance.py:1357} INFO - Starting attempt 1 of 2
[2023-06-16 12:20:24,929] {taskinstance.py:1358} INFO - 
--------------------------------------------------------------------------------
[2023-06-16 12:20:24,943] {taskinstance.py:1377} INFO - Executing <Task(PostgresOperator): createtable_task> on 2023-06-16 12:20:23.779846+00:00
[2023-06-16 12:20:24,949] {standard_task_runner.py:52} INFO - Started process 789 to run task
[2023-06-16 12:20:24,954] {standard_task_runner.py:79} INFO - Running: ['***', 'tasks', 'run', 'postgres_dag', 'createtable_task', 'manual__2023-06-16T12:20:23.779846+00:00', '--job-id', '5', '--raw', '--subdir', 'DAGS_FOLDER/postgres_dag.py', '--cfg-path', '/tmp/tmpe47sno1x', '--error-file', '/tmp/tmpfh1jbjex']
[2023-06-16 12:20:24,955] {standard_task_runner.py:80} INFO - Job 5: Subtask createtable_task
[2023-06-16 12:20:25,004] {task_command.py:370} INFO - Running <TaskInstance: postgres_dag.createtable_task manual__2023-06-16T12:20:23.779846+00:00 [running]> on host f97be8e8a009
[2023-06-16 12:20:25,053] {taskinstance.py:1571} INFO - Exporting the following env vars:
AIRFLOW_CTX_DAG_OWNER=***
AIRFLOW_CTX_DAG_ID=postgres_dag
AIRFLOW_CTX_TASK_ID=createtable_task
AIRFLOW_CTX_EXECUTION_DATE=2023-06-16T12:20:23.779846+00:00
AIRFLOW_CTX_TRY_NUMBER=1
AIRFLOW_CTX_DAG_RUN_ID=manual__2023-06-16T12:20:23.779846+00:00
[2023-06-16 12:20:25,062] {base.py:68} INFO - Using connection ID 'postgre_assign' for task execution.
[2023-06-16 12:20:25,067] {dbapi.py:213} INFO - Running statement: CREATE TABLE IF NOT EXISTS execution (
    id SERIAL PRIMARY KEY,
    exectime TIMESTAMP DEFAULT CURRENT_TIMESTAMP);, parameters: None
[2023-06-16 12:20:25,091] {taskinstance.py:1400} INFO - Marking task as SUCCESS. dag_id=postgres_dag, task_id=createtable_task, execution_date=20230616T122023, start_date=20230616T122024, end_date=20230616T122025
[2023-06-16 12:20:25,128] {local_task_job.py:156} INFO - Task exited with return code 0
[2023-06-16 12:20:25,156] {local_task_job.py:273} INFO - 1 downstream tasks scheduled from follow-on schedule check
