[2023-06-13 06:21:06,665] {taskinstance.py:1159} INFO - Dependencies all met for <TaskInstance: postgres_dag.createtable_task manual__2023-06-13T06:21:04.964305+00:00 [queued]>
[2023-06-13 06:21:06,680] {taskinstance.py:1159} INFO - Dependencies all met for <TaskInstance: postgres_dag.createtable_task manual__2023-06-13T06:21:04.964305+00:00 [queued]>
[2023-06-13 06:21:06,681] {taskinstance.py:1356} INFO - 
--------------------------------------------------------------------------------
[2023-06-13 06:21:06,682] {taskinstance.py:1357} INFO - Starting attempt 1 of 2
[2023-06-13 06:21:06,682] {taskinstance.py:1358} INFO - 
--------------------------------------------------------------------------------
[2023-06-13 06:21:06,697] {taskinstance.py:1377} INFO - Executing <Task(PostgresOperator): createtable_task> on 2023-06-13 06:21:04.964305+00:00
[2023-06-13 06:21:06,703] {standard_task_runner.py:52} INFO - Started process 404 to run task
[2023-06-13 06:21:06,711] {standard_task_runner.py:79} INFO - Running: ['***', 'tasks', 'run', 'postgres_dag', 'createtable_task', 'manual__2023-06-13T06:21:04.964305+00:00', '--job-id', '4', '--raw', '--subdir', 'DAGS_FOLDER/postgres_dag.py', '--cfg-path', '/tmp/tmpbomn8_21', '--error-file', '/tmp/tmp7r3juhz9']
[2023-06-13 06:21:06,714] {standard_task_runner.py:80} INFO - Job 4: Subtask createtable_task
[2023-06-13 06:21:06,810] {task_command.py:370} INFO - Running <TaskInstance: postgres_dag.createtable_task manual__2023-06-13T06:21:04.964305+00:00 [running]> on host 4be482cb65ef
[2023-06-13 06:21:07,052] {taskinstance.py:1571} INFO - Exporting the following env vars:
AIRFLOW_CTX_DAG_OWNER=***
AIRFLOW_CTX_DAG_ID=postgres_dag
AIRFLOW_CTX_TASK_ID=createtable_task
AIRFLOW_CTX_EXECUTION_DATE=2023-06-13T06:21:04.964305+00:00
AIRFLOW_CTX_TRY_NUMBER=1
AIRFLOW_CTX_DAG_RUN_ID=manual__2023-06-13T06:21:04.964305+00:00
[2023-06-13 06:21:07,128] {base.py:68} INFO - Using connection ID 'postgre_assign' for task execution.
[2023-06-13 06:21:07,167] {dbapi.py:213} INFO - Running statement: CREATE TABLE IF NOT EXISTS employee (
            first_name varchar(500) NOT null,
            last_name varchar(500) NOT null,
            job_id varchar(225),
            company varchar(225));, parameters: None
[2023-06-13 06:21:07,178] {postgres.py:94} INFO - NOTICE:  relation "employee" already exists, skipping

[2023-06-13 06:21:07,232] {taskinstance.py:1400} INFO - Marking task as SUCCESS. dag_id=postgres_dag, task_id=createtable_task, execution_date=20230613T062104, start_date=20230613T062106, end_date=20230613T062107
[2023-06-13 06:21:07,310] {local_task_job.py:156} INFO - Task exited with return code 0
[2023-06-13 06:21:07,440] {local_task_job.py:273} INFO - 1 downstream tasks scheduled from follow-on schedule check
