[2023-06-16 12:20:25,585] {taskinstance.py:1159} INFO - Dependencies all met for <TaskInstance: postgres_dag.insert_rows_task manual__2023-06-16T12:20:23.779846+00:00 [queued]>
[2023-06-16 12:20:25,590] {taskinstance.py:1159} INFO - Dependencies all met for <TaskInstance: postgres_dag.insert_rows_task manual__2023-06-16T12:20:23.779846+00:00 [queued]>
[2023-06-16 12:20:25,590] {taskinstance.py:1356} INFO - 
--------------------------------------------------------------------------------
[2023-06-16 12:20:25,591] {taskinstance.py:1357} INFO - Starting attempt 1 of 2
[2023-06-16 12:20:25,591] {taskinstance.py:1358} INFO - 
--------------------------------------------------------------------------------
[2023-06-16 12:20:25,601] {taskinstance.py:1377} INFO - Executing <Task(PostgresOperator): insert_rows_task> on 2023-06-16 12:20:23.779846+00:00
[2023-06-16 12:20:25,605] {standard_task_runner.py:52} INFO - Started process 791 to run task
[2023-06-16 12:20:25,609] {standard_task_runner.py:79} INFO - Running: ['***', 'tasks', 'run', 'postgres_dag', 'insert_rows_task', 'manual__2023-06-16T12:20:23.779846+00:00', '--job-id', '6', '--raw', '--subdir', 'DAGS_FOLDER/postgres_dag.py', '--cfg-path', '/tmp/tmp272y3zy6', '--error-file', '/tmp/tmp8si9_gi7']
[2023-06-16 12:20:25,610] {standard_task_runner.py:80} INFO - Job 6: Subtask insert_rows_task
[2023-06-16 12:20:25,651] {task_command.py:370} INFO - Running <TaskInstance: postgres_dag.insert_rows_task manual__2023-06-16T12:20:23.779846+00:00 [running]> on host f97be8e8a009
[2023-06-16 12:20:25,694] {taskinstance.py:1571} INFO - Exporting the following env vars:
AIRFLOW_CTX_DAG_OWNER=***
AIRFLOW_CTX_DAG_ID=postgres_dag
AIRFLOW_CTX_TASK_ID=insert_rows_task
AIRFLOW_CTX_EXECUTION_DATE=2023-06-16T12:20:23.779846+00:00
AIRFLOW_CTX_TRY_NUMBER=1
AIRFLOW_CTX_DAG_RUN_ID=manual__2023-06-16T12:20:23.779846+00:00
[2023-06-16 12:20:25,703] {base.py:68} INFO - Using connection ID 'postgre_assign' for task execution.
[2023-06-16 12:20:25,707] {dbapi.py:213} INFO - Running statement: INSERT INTO execution (exectime) VALUES (CURRENT_TIMESTAMP);, parameters: None
[2023-06-16 12:20:25,709] {dbapi.py:221} INFO - Rows affected: 1
[2023-06-16 12:20:25,720] {taskinstance.py:1400} INFO - Marking task as SUCCESS. dag_id=postgres_dag, task_id=insert_rows_task, execution_date=20230616T122023, start_date=20230616T122025, end_date=20230616T122025
[2023-06-16 12:20:25,741] {local_task_job.py:156} INFO - Task exited with return code 0
[2023-06-16 12:20:25,765] {local_task_job.py:273} INFO - 1 downstream tasks scheduled from follow-on schedule check
