[2023-06-13 06:13:54,707] {manager.py:480} INFO - Processing files using up to 2 processes at a time 
[2023-06-13 06:13:54,711] {manager.py:481} INFO - Process each file at most once every 30 seconds
[2023-06-13 06:13:54,718] {manager.py:483} INFO - Checking for new files in /opt/airflow/dags every 300 seconds
[2023-06-13 06:13:54,721] {manager.py:690} INFO - Searching for files in /opt/airflow/dags
[2023-06-13 06:13:54,727] {manager.py:693} INFO - There are 0 files in /opt/airflow/dags
[2023-06-13 06:18:54,969] {manager.py:690} INFO - Searching for files in /opt/airflow/dags
[2023-06-13 06:18:55,030] {manager.py:693} INFO - There are 1 files in /opt/airflow/dags
[2023-06-13 06:18:56,095] {manager.py:809} INFO - 
================================================================================
DAG File Processing Stats

File Path                          PID    Runtime      # DAGs    # Errors  Last Runtime    Last Run
---------------------------------  -----  ---------  --------  ----------  --------------  -------------------
/opt/airflow/dags/postgres_dag.py                           1           0  0.42s           2023-06-13T06:18:55
================================================================================
[2023-06-13 06:19:26,620] {manager.py:809} INFO - 
================================================================================
DAG File Processing Stats

File Path                          PID    Runtime      # DAGs    # Errors  Last Runtime    Last Run
---------------------------------  -----  ---------  --------  ----------  --------------  -------------------
/opt/airflow/dags/postgres_dag.py                           1           0  0.20s           2023-06-13T06:19:25
================================================================================
[2023-06-13 06:19:56,916] {manager.py:809} INFO - 
================================================================================
DAG File Processing Stats

File Path                          PID    Runtime      # DAGs    # Errors  Last Runtime    Last Run
---------------------------------  -----  ---------  --------  ----------  --------------  -------------------
/opt/airflow/dags/postgres_dag.py                           1           0  0.18s           2023-06-13T06:19:56
================================================================================
[2023-06-13 06:20:27,203] {manager.py:809} INFO - 
================================================================================
DAG File Processing Stats

File Path                          PID    Runtime      # DAGs    # Errors  Last Runtime    Last Run
---------------------------------  -----  ---------  --------  ----------  --------------  -------------------
/opt/airflow/dags/postgres_dag.py                           1           0  0.16s           2023-06-13T06:20:26
================================================================================
[2023-06-13 06:20:57,451] {manager.py:809} INFO - 
================================================================================
DAG File Processing Stats

File Path                          PID    Runtime      # DAGs    # Errors  Last Runtime    Last Run
---------------------------------  -----  ---------  --------  ----------  --------------  -------------------
/opt/airflow/dags/postgres_dag.py                           1           0  0.11s           2023-06-13T06:20:56
================================================================================
[2023-06-13 06:21:27,659] {manager.py:809} INFO - 
================================================================================
DAG File Processing Stats

File Path                          PID    Runtime      # DAGs    # Errors  Last Runtime    Last Run
---------------------------------  -----  ---------  --------  ----------  --------------  -------------------
/opt/airflow/dags/postgres_dag.py                           1           0  0.37s           2023-06-13T06:21:26
================================================================================
[2023-06-13 06:21:58,167] {manager.py:809} INFO - 
================================================================================
DAG File Processing Stats

File Path                          PID    Runtime      # DAGs    # Errors  Last Runtime    Last Run
---------------------------------  -----  ---------  --------  ----------  --------------  -------------------
/opt/airflow/dags/postgres_dag.py                           1           0  0.17s           2023-06-13T06:21:57
================================================================================
[2023-06-13 06:22:28,409] {manager.py:809} INFO - 
================================================================================
DAG File Processing Stats

File Path                          PID    Runtime      # DAGs    # Errors  Last Runtime    Last Run
---------------------------------  -----  ---------  --------  ----------  --------------  -------------------
/opt/airflow/dags/postgres_dag.py                           1           0  0.15s           2023-06-13T06:22:27
================================================================================
[2023-06-13 06:22:58,565] {manager.py:809} INFO - 
================================================================================
DAG File Processing Stats

File Path                          PID    Runtime      # DAGs    # Errors  Last Runtime    Last Run
---------------------------------  -----  ---------  --------  ----------  --------------  -------------------
/opt/airflow/dags/postgres_dag.py                           1           0  0.19s           2023-06-13T06:22:57
================================================================================
[2023-06-13 06:23:28,917] {manager.py:809} INFO - 
================================================================================
DAG File Processing Stats

File Path                          PID    Runtime      # DAGs    # Errors  Last Runtime    Last Run
---------------------------------  -----  ---------  --------  ----------  --------------  -------------------
/opt/airflow/dags/postgres_dag.py                           1           0  0.21s           2023-06-13T06:23:28
================================================================================
[2023-06-13 06:23:55,010] {manager.py:690} INFO - Searching for files in /opt/airflow/dags
[2023-06-13 06:23:55,044] {manager.py:693} INFO - There are 1 files in /opt/airflow/dags
[2023-06-13 06:23:59,164] {manager.py:809} INFO - 
================================================================================
DAG File Processing Stats

File Path                          PID    Runtime      # DAGs    # Errors  Last Runtime    Last Run
---------------------------------  -----  ---------  --------  ----------  --------------  -------------------
/opt/airflow/dags/postgres_dag.py                           1           0  0.18s           2023-06-13T06:23:58
================================================================================
[2023-06-13 06:24:29,373] {manager.py:809} INFO - 
================================================================================
DAG File Processing Stats

File Path                          PID    Runtime      # DAGs    # Errors  Last Runtime    Last Run
---------------------------------  -----  ---------  --------  ----------  --------------  -------------------
/opt/airflow/dags/postgres_dag.py                           1           0  0.16s           2023-06-13T06:24:28
================================================================================
[2023-06-13 06:24:59,555] {manager.py:809} INFO - 
================================================================================
DAG File Processing Stats

File Path                          PID    Runtime      # DAGs    # Errors  Last Runtime    Last Run
---------------------------------  -----  ---------  --------  ----------  --------------  -------------------
/opt/airflow/dags/postgres_dag.py                           1           0  0.15s           2023-06-13T06:24:58
================================================================================
[2023-06-13 06:25:29,760] {manager.py:809} INFO - 
================================================================================
DAG File Processing Stats

File Path                          PID    Runtime      # DAGs    # Errors  Last Runtime    Last Run
---------------------------------  -----  ---------  --------  ----------  --------------  -------------------
/opt/airflow/dags/postgres_dag.py                           1           0  0.20s           2023-06-13T06:25:28
================================================================================
[2023-06-13 06:26:00,064] {manager.py:809} INFO - 
================================================================================
DAG File Processing Stats

File Path                          PID    Runtime      # DAGs    # Errors  Last Runtime    Last Run
---------------------------------  -----  ---------  --------  ----------  --------------  -------------------
/opt/airflow/dags/postgres_dag.py                           1           0  0.16s           2023-06-13T06:25:59
================================================================================
[2023-06-13 06:26:30,268] {manager.py:809} INFO - 
================================================================================
DAG File Processing Stats

File Path                          PID    Runtime      # DAGs    # Errors  Last Runtime    Last Run
---------------------------------  -----  ---------  --------  ----------  --------------  -------------------
/opt/airflow/dags/postgres_dag.py                           1           0  0.14s           2023-06-13T06:26:29
================================================================================
[2023-06-13 06:27:00,420] {manager.py:809} INFO - 
================================================================================
DAG File Processing Stats

File Path                          PID    Runtime      # DAGs    # Errors  Last Runtime    Last Run
---------------------------------  -----  ---------  --------  ----------  --------------  -------------------
/opt/airflow/dags/postgres_dag.py                           1           0  0.16s           2023-06-13T06:26:59
================================================================================
[2023-06-13 06:27:30,664] {manager.py:809} INFO - 
================================================================================
DAG File Processing Stats

File Path                          PID    Runtime      # DAGs    # Errors  Last Runtime    Last Run
---------------------------------  -----  ---------  --------  ----------  --------------  -------------------
/opt/airflow/dags/postgres_dag.py                           1           0  0.13s           2023-06-13T06:27:29
================================================================================
[2023-06-13 06:28:00,912] {manager.py:809} INFO - 
================================================================================
DAG File Processing Stats

File Path                          PID    Runtime      # DAGs    # Errors  Last Runtime    Last Run
---------------------------------  -----  ---------  --------  ----------  --------------  -------------------
/opt/airflow/dags/postgres_dag.py                           1           0  0.28s           2023-06-13T06:28:00
================================================================================
[2023-06-13 06:28:31,200] {manager.py:809} INFO - 
================================================================================
DAG File Processing Stats

File Path                          PID    Runtime      # DAGs    # Errors  Last Runtime    Last Run
---------------------------------  -----  ---------  --------  ----------  --------------  -------------------
/opt/airflow/dags/postgres_dag.py                           1           0  0.21s           2023-06-13T06:28:30
================================================================================
[2023-06-13 06:28:55,304] {manager.py:690} INFO - Searching for files in /opt/airflow/dags
[2023-06-13 06:28:55,329] {manager.py:693} INFO - There are 1 files in /opt/airflow/dags
[2023-06-13 06:29:01,476] {manager.py:809} INFO - 
================================================================================
DAG File Processing Stats

File Path                          PID    Runtime      # DAGs    # Errors  Last Runtime    Last Run
---------------------------------  -----  ---------  --------  ----------  --------------  -------------------
/opt/airflow/dags/postgres_dag.py                           1           0  0.18s           2023-06-13T06:29:00
================================================================================
[2023-06-13 06:29:31,880] {manager.py:809} INFO - 
================================================================================
DAG File Processing Stats

File Path                          PID    Runtime      # DAGs    # Errors  Last Runtime    Last Run
---------------------------------  -----  ---------  --------  ----------  --------------  -------------------
/opt/airflow/dags/postgres_dag.py                           1           0  0.62s           2023-06-13T06:29:31
================================================================================
[2023-06-13 06:30:02,370] {manager.py:809} INFO - 
================================================================================
DAG File Processing Stats

File Path                          PID    Runtime      # DAGs    # Errors  Last Runtime    Last Run
---------------------------------  -----  ---------  --------  ----------  --------------  -------------------
/opt/airflow/dags/postgres_dag.py                           1           0  0.18s           2023-06-13T06:30:01
================================================================================
[2023-06-13 06:30:32,645] {manager.py:809} INFO - 
================================================================================
DAG File Processing Stats

File Path                          PID    Runtime      # DAGs    # Errors  Last Runtime    Last Run
---------------------------------  -----  ---------  --------  ----------  --------------  -------------------
/opt/airflow/dags/postgres_dag.py                           1           0  0.17s           2023-06-13T06:30:31
================================================================================
[2023-06-13 06:31:02,903] {manager.py:809} INFO - 
================================================================================
DAG File Processing Stats

File Path                          PID    Runtime      # DAGs    # Errors  Last Runtime    Last Run
---------------------------------  -----  ---------  --------  ----------  --------------  -------------------
/opt/airflow/dags/postgres_dag.py                           1           0  0.11s           2023-06-13T06:31:01
================================================================================
[2023-06-13 06:31:33,088] {manager.py:809} INFO - 
================================================================================
DAG File Processing Stats

File Path                          PID    Runtime      # DAGs    # Errors  Last Runtime    Last Run
---------------------------------  -----  ---------  --------  ----------  --------------  -------------------
/opt/airflow/dags/postgres_dag.py                           1           0  0.11s           2023-06-13T06:31:32
================================================================================
[2023-06-13 06:32:00,497] {manager.py:462} INFO - Exiting gracefully upon receiving signal 15
[2023-06-16 12:05:37,538] {manager.py:480} INFO - Processing files using up to 2 processes at a time 
[2023-06-16 12:05:37,542] {manager.py:481} INFO - Process each file at most once every 30 seconds
[2023-06-16 12:05:37,546] {manager.py:483} INFO - Checking for new files in /opt/airflow/dags every 300 seconds
[2023-06-16 12:05:37,551] {manager.py:690} INFO - Searching for files in /opt/airflow/dags
[2023-06-16 12:05:39,019] {manager.py:693} INFO - There are 1 files in /opt/airflow/dags
[2023-06-16 12:05:39,227] {manager.py:809} INFO - 
================================================================================
DAG File Processing Stats

File Path                            PID  Runtime      # DAGs    # Errors  Last Runtime    Last Run
---------------------------------  -----  ---------  --------  ----------  --------------  ----------
/opt/airflow/dags/postgres_dag.py     42  0.09s             0           0
================================================================================
[2023-06-16 12:06:09,402] {manager.py:809} INFO - 
================================================================================
DAG File Processing Stats

File Path                          PID    Runtime      # DAGs    # Errors  Last Runtime    Last Run
---------------------------------  -----  ---------  --------  ----------  --------------  -------------------
/opt/airflow/dags/postgres_dag.py                           1           0  1.46s           2023-06-16T12:05:40
================================================================================
[2023-06-16 12:06:39,813] {manager.py:809} INFO - 
================================================================================
DAG File Processing Stats

File Path                          PID    Runtime      # DAGs    # Errors  Last Runtime    Last Run
---------------------------------  -----  ---------  --------  ----------  --------------  -------------------
/opt/airflow/dags/postgres_dag.py                           1           0  0.18s           2023-06-16T12:06:10
================================================================================
[2023-06-16 12:07:10,044] {manager.py:809} INFO - 
================================================================================
DAG File Processing Stats

File Path                          PID    Runtime      # DAGs    # Errors  Last Runtime    Last Run
---------------------------------  -----  ---------  --------  ----------  --------------  -------------------
/opt/airflow/dags/postgres_dag.py                           1           0  0.15s           2023-06-16T12:06:41
================================================================================
[2023-06-16 12:07:40,311] {manager.py:809} INFO - 
================================================================================
DAG File Processing Stats

File Path                          PID    Runtime      # DAGs    # Errors  Last Runtime    Last Run
---------------------------------  -----  ---------  --------  ----------  --------------  -------------------
/opt/airflow/dags/postgres_dag.py                           1           0  0.14s           2023-06-16T12:07:11
================================================================================
[2023-06-16 12:08:10,506] {manager.py:809} INFO - 
================================================================================
DAG File Processing Stats

File Path                          PID    Runtime      # DAGs    # Errors  Last Runtime    Last Run
---------------------------------  -----  ---------  --------  ----------  --------------  -------------------
/opt/airflow/dags/postgres_dag.py                           1           0  0.11s           2023-06-16T12:07:41
================================================================================
[2023-06-16 12:08:40,685] {manager.py:809} INFO - 
================================================================================
DAG File Processing Stats

File Path                          PID    Runtime      # DAGs    # Errors  Last Runtime    Last Run
---------------------------------  -----  ---------  --------  ----------  --------------  -------------------
/opt/airflow/dags/postgres_dag.py                           1           0  0.14s           2023-06-16T12:08:11
================================================================================
[2023-06-16 12:09:10,867] {manager.py:809} INFO - 
================================================================================
DAG File Processing Stats

File Path                          PID    Runtime      # DAGs    # Errors  Last Runtime    Last Run
---------------------------------  -----  ---------  --------  ----------  --------------  -------------------
/opt/airflow/dags/postgres_dag.py                           1           0  0.11s           2023-06-16T12:08:41
================================================================================
[2023-06-16 12:09:41,057] {manager.py:809} INFO - 
================================================================================
DAG File Processing Stats

File Path                          PID    Runtime      # DAGs    # Errors  Last Runtime    Last Run
---------------------------------  -----  ---------  --------  ----------  --------------  -------------------
/opt/airflow/dags/postgres_dag.py                           1           0  0.15s           2023-06-16T12:09:12
================================================================================
[2023-06-16 12:10:11,257] {manager.py:809} INFO - 
================================================================================
DAG File Processing Stats

File Path                          PID    Runtime      # DAGs    # Errors  Last Runtime    Last Run
---------------------------------  -----  ---------  --------  ----------  --------------  -------------------
/opt/airflow/dags/postgres_dag.py                           1           0  0.13s           2023-06-16T12:09:42
================================================================================
[2023-06-16 12:10:37,655] {manager.py:690} INFO - Searching for files in /opt/airflow/dags
[2023-06-16 12:10:37,688] {manager.py:693} INFO - There are 1 files in /opt/airflow/dags
[2023-06-16 12:10:41,462] {manager.py:809} INFO - 
================================================================================
DAG File Processing Stats

File Path                          PID    Runtime      # DAGs    # Errors  Last Runtime    Last Run
---------------------------------  -----  ---------  --------  ----------  --------------  -------------------
/opt/airflow/dags/postgres_dag.py                           1           0  0.29s           2023-06-16T12:10:12
================================================================================
[2023-06-16 12:11:11,905] {manager.py:809} INFO - 
================================================================================
DAG File Processing Stats

File Path                          PID    Runtime      # DAGs    # Errors  Last Runtime    Last Run
---------------------------------  -----  ---------  --------  ----------  --------------  -------------------
/opt/airflow/dags/postgres_dag.py                           1           0  0.22s           2023-06-16T12:10:42
================================================================================
[2023-06-16 12:11:42,223] {manager.py:809} INFO - 
================================================================================
DAG File Processing Stats

File Path                          PID    Runtime      # DAGs    # Errors  Last Runtime    Last Run
---------------------------------  -----  ---------  --------  ----------  --------------  -------------------
/opt/airflow/dags/postgres_dag.py                           1           0  0.28s           2023-06-16T12:11:13
================================================================================
[2023-06-16 12:12:12,568] {manager.py:809} INFO - 
================================================================================
DAG File Processing Stats

File Path                          PID    Runtime      # DAGs    # Errors  Last Runtime    Last Run
---------------------------------  -----  ---------  --------  ----------  --------------  -------------------
/opt/airflow/dags/postgres_dag.py                           1           0  0.13s           2023-06-16T12:11:43
================================================================================
[2023-06-16 12:12:42,774] {manager.py:809} INFO - 
================================================================================
DAG File Processing Stats

File Path                          PID    Runtime      # DAGs    # Errors  Last Runtime    Last Run
---------------------------------  -----  ---------  --------  ----------  --------------  -------------------
/opt/airflow/dags/postgres_dag.py                           1           0  0.17s           2023-06-16T12:12:13
================================================================================
[2023-06-16 12:13:12,965] {manager.py:809} INFO - 
================================================================================
DAG File Processing Stats

File Path                          PID    Runtime      # DAGs    # Errors  Last Runtime    Last Run
---------------------------------  -----  ---------  --------  ----------  --------------  -------------------
/opt/airflow/dags/postgres_dag.py                           1           0  0.14s           2023-06-16T12:12:43
================================================================================
[2023-06-16 12:13:43,165] {manager.py:809} INFO - 
================================================================================
DAG File Processing Stats

File Path                          PID    Runtime      # DAGs    # Errors  Last Runtime    Last Run
---------------------------------  -----  ---------  --------  ----------  --------------  -------------------
/opt/airflow/dags/postgres_dag.py                           1           0  0.19s           2023-06-16T12:13:14
================================================================================
[2023-06-16 12:14:13,424] {manager.py:809} INFO - 
================================================================================
DAG File Processing Stats

File Path                          PID    Runtime      # DAGs    # Errors  Last Runtime    Last Run
---------------------------------  -----  ---------  --------  ----------  --------------  -------------------
/opt/airflow/dags/postgres_dag.py                           1           0  0.18s           2023-06-16T12:13:44
================================================================================
[2023-06-16 12:14:43,724] {manager.py:809} INFO - 
================================================================================
DAG File Processing Stats

File Path                          PID    Runtime      # DAGs    # Errors  Last Runtime    Last Run
---------------------------------  -----  ---------  --------  ----------  --------------  -------------------
/opt/airflow/dags/postgres_dag.py                           1           0  0.17s           2023-06-16T12:14:14
================================================================================
[2023-06-16 12:15:13,928] {manager.py:809} INFO - 
================================================================================
DAG File Processing Stats

File Path                          PID    Runtime      # DAGs    # Errors  Last Runtime    Last Run
---------------------------------  -----  ---------  --------  ----------  --------------  -------------------
/opt/airflow/dags/postgres_dag.py                           1           0  0.17s           2023-06-16T12:14:44
================================================================================
[2023-06-16 12:15:38,084] {manager.py:690} INFO - Searching for files in /opt/airflow/dags
[2023-06-16 12:15:38,121] {manager.py:693} INFO - There are 1 files in /opt/airflow/dags
[2023-06-16 12:15:44,169] {manager.py:809} INFO - 
================================================================================
DAG File Processing Stats

File Path                          PID    Runtime      # DAGs    # Errors  Last Runtime    Last Run
---------------------------------  -----  ---------  --------  ----------  --------------  -------------------
/opt/airflow/dags/postgres_dag.py                           1           0  0.16s           2023-06-16T12:15:15
================================================================================
[2023-06-16 12:16:14,337] {manager.py:809} INFO - 
================================================================================
DAG File Processing Stats

File Path                          PID    Runtime      # DAGs    # Errors  Last Runtime    Last Run
---------------------------------  -----  ---------  --------  ----------  --------------  -------------------
/opt/airflow/dags/postgres_dag.py                           1           0  0.16s           2023-06-16T12:15:45
================================================================================
[2023-06-16 12:16:44,590] {manager.py:809} INFO - 
================================================================================
DAG File Processing Stats

File Path                          PID    Runtime      # DAGs    # Errors  Last Runtime    Last Run
---------------------------------  -----  ---------  --------  ----------  --------------  -------------------
/opt/airflow/dags/postgres_dag.py                           1           0  0.21s           2023-06-16T12:16:15
================================================================================
[2023-06-16 12:17:14,797] {manager.py:809} INFO - 
================================================================================
DAG File Processing Stats

File Path                          PID    Runtime      # DAGs    # Errors  Last Runtime    Last Run
---------------------------------  -----  ---------  --------  ----------  --------------  -------------------
/opt/airflow/dags/postgres_dag.py                           1           0  0.19s           2023-06-16T12:16:45
================================================================================
[2023-06-16 12:17:45,029] {manager.py:809} INFO - 
================================================================================
DAG File Processing Stats

File Path                          PID    Runtime      # DAGs    # Errors  Last Runtime    Last Run
---------------------------------  -----  ---------  --------  ----------  --------------  -------------------
/opt/airflow/dags/postgres_dag.py                           1           0  0.15s           2023-06-16T12:17:15
================================================================================
[2023-06-16 12:18:15,169] {manager.py:809} INFO - 
================================================================================
DAG File Processing Stats

File Path                          PID    Runtime      # DAGs    # Errors  Last Runtime    Last Run
---------------------------------  -----  ---------  --------  ----------  --------------  -------------------
/opt/airflow/dags/postgres_dag.py                           1           0  0.14s           2023-06-16T12:17:46
================================================================================
[2023-06-16 12:18:45,433] {manager.py:809} INFO - 
================================================================================
DAG File Processing Stats

File Path                          PID    Runtime      # DAGs    # Errors  Last Runtime    Last Run
---------------------------------  -----  ---------  --------  ----------  --------------  -------------------
/opt/airflow/dags/postgres_dag.py                           1           0  0.16s           2023-06-16T12:18:16
================================================================================
[2023-06-16 12:19:15,600] {manager.py:809} INFO - 
================================================================================
DAG File Processing Stats

File Path                          PID    Runtime      # DAGs    # Errors  Last Runtime    Last Run
---------------------------------  -----  ---------  --------  ----------  --------------  -------------------
/opt/airflow/dags/postgres_dag.py                           1           0  0.17s           2023-06-16T12:18:46
================================================================================
[2023-06-16 12:19:45,927] {manager.py:809} INFO - 
================================================================================
DAG File Processing Stats

File Path                          PID    Runtime      # DAGs    # Errors  Last Runtime    Last Run
---------------------------------  -----  ---------  --------  ----------  --------------  -------------------
/opt/airflow/dags/postgres_dag.py                           1           0  0.16s           2023-06-16T12:19:16
================================================================================
[2023-06-16 12:20:16,177] {manager.py:809} INFO - 
================================================================================
DAG File Processing Stats

File Path                          PID    Runtime      # DAGs    # Errors  Last Runtime    Last Run
---------------------------------  -----  ---------  --------  ----------  --------------  -------------------
/opt/airflow/dags/postgres_dag.py                           1           0  0.26s           2023-06-16T12:19:47
================================================================================
[2023-06-16 12:20:38,556] {manager.py:690} INFO - Searching for files in /opt/airflow/dags
[2023-06-16 12:20:38,581] {manager.py:693} INFO - There are 1 files in /opt/airflow/dags
[2023-06-16 12:20:46,679] {manager.py:809} INFO - 
================================================================================
DAG File Processing Stats

File Path                          PID    Runtime      # DAGs    # Errors  Last Runtime    Last Run
---------------------------------  -----  ---------  --------  ----------  --------------  -------------------
/opt/airflow/dags/postgres_dag.py                           1           0  0.23s           2023-06-16T12:20:17
================================================================================
[2023-06-16 12:21:16,890] {manager.py:809} INFO - 
================================================================================
DAG File Processing Stats

File Path                          PID    Runtime      # DAGs    # Errors  Last Runtime    Last Run
---------------------------------  -----  ---------  --------  ----------  --------------  -------------------
/opt/airflow/dags/postgres_dag.py                           1           0  0.22s           2023-06-16T12:20:47
================================================================================
[2023-06-16 12:21:47,252] {manager.py:809} INFO - 
================================================================================
DAG File Processing Stats

File Path                          PID    Runtime      # DAGs    # Errors  Last Runtime    Last Run
---------------------------------  -----  ---------  --------  ----------  --------------  -------------------
/opt/airflow/dags/postgres_dag.py                           1           0  0.35s           2023-06-16T12:21:18
================================================================================
[2023-06-16 12:22:17,654] {manager.py:809} INFO - 
================================================================================
DAG File Processing Stats

File Path                          PID    Runtime      # DAGs    # Errors  Last Runtime    Last Run
---------------------------------  -----  ---------  --------  ----------  --------------  -------------------
/opt/airflow/dags/postgres_dag.py                           1           0  0.39s           2023-06-16T12:21:48
================================================================================
[2023-06-16 12:22:48,124] {manager.py:809} INFO - 
================================================================================
DAG File Processing Stats

File Path                          PID    Runtime      # DAGs    # Errors  Last Runtime    Last Run
---------------------------------  -----  ---------  --------  ----------  --------------  -------------------
/opt/airflow/dags/postgres_dag.py                           1           0  0.25s           2023-06-16T12:22:19
================================================================================
[2023-06-16 12:23:18,482] {manager.py:809} INFO - 
================================================================================
DAG File Processing Stats

File Path                          PID    Runtime      # DAGs    # Errors  Last Runtime    Last Run
---------------------------------  -----  ---------  --------  ----------  --------------  -------------------
/opt/airflow/dags/postgres_dag.py                           1           0  0.20s           2023-06-16T12:22:49
================================================================================
[2023-06-16 12:23:48,775] {manager.py:809} INFO - 
================================================================================
DAG File Processing Stats

File Path                          PID    Runtime      # DAGs    # Errors  Last Runtime    Last Run
---------------------------------  -----  ---------  --------  ----------  --------------  -------------------
/opt/airflow/dags/postgres_dag.py                           1           0  0.21s           2023-06-16T12:23:19
================================================================================
[2023-06-16 12:24:19,101] {manager.py:809} INFO - 
================================================================================
DAG File Processing Stats

File Path                          PID    Runtime      # DAGs    # Errors  Last Runtime    Last Run
---------------------------------  -----  ---------  --------  ----------  --------------  -------------------
/opt/airflow/dags/postgres_dag.py                           1           0  0.20s           2023-06-16T12:23:50
================================================================================
[2023-06-16 12:24:49,382] {manager.py:809} INFO - 
================================================================================
DAG File Processing Stats

File Path                          PID    Runtime      # DAGs    # Errors  Last Runtime    Last Run
---------------------------------  -----  ---------  --------  ----------  --------------  -------------------
/opt/airflow/dags/postgres_dag.py                           1           0  0.16s           2023-06-16T12:24:20
================================================================================
[2023-06-16 12:25:19,584] {manager.py:809} INFO - 
================================================================================
DAG File Processing Stats

File Path                          PID    Runtime      # DAGs    # Errors  Last Runtime    Last Run
---------------------------------  -----  ---------  --------  ----------  --------------  -------------------
/opt/airflow/dags/postgres_dag.py                           1           0  0.14s           2023-06-16T12:24:50
================================================================================
[2023-06-16 12:25:38,710] {manager.py:690} INFO - Searching for files in /opt/airflow/dags
[2023-06-16 12:25:38,760] {manager.py:693} INFO - There are 1 files in /opt/airflow/dags
[2023-06-16 12:25:49,856] {manager.py:809} INFO - 
================================================================================
DAG File Processing Stats

File Path                          PID    Runtime      # DAGs    # Errors  Last Runtime    Last Run
---------------------------------  -----  ---------  --------  ----------  --------------  -------------------
/opt/airflow/dags/postgres_dag.py                           1           0  0.15s           2023-06-16T12:25:20
================================================================================
[2023-06-16 12:26:20,002] {manager.py:809} INFO - 
================================================================================
DAG File Processing Stats

File Path                          PID    Runtime      # DAGs    # Errors  Last Runtime    Last Run
---------------------------------  -----  ---------  --------  ----------  --------------  -------------------
/opt/airflow/dags/postgres_dag.py                           1           0  0.57s           2023-06-16T12:25:51
================================================================================
[2023-06-16 12:26:50,075] {manager.py:809} INFO - 
================================================================================
DAG File Processing Stats

File Path                          PID    Runtime      # DAGs    # Errors  Last Runtime    Last Run
---------------------------------  -----  ---------  --------  ----------  --------------  -------------------
/opt/airflow/dags/postgres_dag.py                           1           0  0.38s           2023-06-16T12:26:21
================================================================================
[2023-06-16 12:27:20,237] {manager.py:809} INFO - 
================================================================================
DAG File Processing Stats

File Path                          PID    Runtime      # DAGs    # Errors  Last Runtime    Last Run
---------------------------------  -----  ---------  --------  ----------  --------------  -------------------
/opt/airflow/dags/postgres_dag.py                           1           0  0.55s           2023-06-16T12:26:52
================================================================================
[2023-06-16 12:27:50,842] {manager.py:809} INFO - 
================================================================================
DAG File Processing Stats

File Path                          PID    Runtime      # DAGs    # Errors  Last Runtime    Last Run
---------------------------------  -----  ---------  --------  ----------  --------------  -------------------
/opt/airflow/dags/postgres_dag.py                           1           0  0.32s           2023-06-16T12:27:23
================================================================================
[2023-06-16 12:28:21,305] {manager.py:809} INFO - 
================================================================================
DAG File Processing Stats

File Path                          PID    Runtime      # DAGs    # Errors  Last Runtime    Last Run
---------------------------------  -----  ---------  --------  ----------  --------------  -------------------
/opt/airflow/dags/postgres_dag.py                           1           0  0.44s           2023-06-16T12:27:53
================================================================================
[2023-06-16 12:28:51,861] {manager.py:809} INFO - 
================================================================================
DAG File Processing Stats

File Path                          PID    Runtime      # DAGs    # Errors  Last Runtime    Last Run
---------------------------------  -----  ---------  --------  ----------  --------------  -------------------
/opt/airflow/dags/postgres_dag.py                           1           0  0.36s           2023-06-16T12:28:24
================================================================================
[2023-06-16 12:29:22,327] {manager.py:809} INFO - 
================================================================================
DAG File Processing Stats

File Path                          PID    Runtime      # DAGs    # Errors  Last Runtime    Last Run
---------------------------------  -----  ---------  --------  ----------  --------------  -------------------
/opt/airflow/dags/postgres_dag.py                           1           0  0.44s           2023-06-16T12:28:54
================================================================================
[2023-06-16 12:29:52,935] {manager.py:809} INFO - 
================================================================================
DAG File Processing Stats

File Path                          PID    Runtime      # DAGs    # Errors  Last Runtime    Last Run
---------------------------------  -----  ---------  --------  ----------  --------------  -------------------
/opt/airflow/dags/postgres_dag.py                           1           0  0.33s           2023-06-16T12:29:25
================================================================================
[2023-06-16 12:30:23,312] {manager.py:809} INFO - 
================================================================================
DAG File Processing Stats

File Path                          PID    Runtime      # DAGs    # Errors  Last Runtime    Last Run
---------------------------------  -----  ---------  --------  ----------  --------------  -------------------
/opt/airflow/dags/postgres_dag.py                           1           0  0.31s           2023-06-16T12:29:55
================================================================================
[2023-06-16 12:30:39,038] {manager.py:690} INFO - Searching for files in /opt/airflow/dags
[2023-06-16 12:30:39,065] {manager.py:693} INFO - There are 1 files in /opt/airflow/dags
[2023-06-16 12:30:53,719] {manager.py:809} INFO - 
================================================================================
DAG File Processing Stats

File Path                          PID    Runtime      # DAGs    # Errors  Last Runtime    Last Run
---------------------------------  -----  ---------  --------  ----------  --------------  -------------------
/opt/airflow/dags/postgres_dag.py                           1           0  0.42s           2023-06-16T12:30:25
================================================================================
[2023-06-16 12:31:24,290] {manager.py:809} INFO - 
================================================================================
DAG File Processing Stats

File Path                          PID    Runtime      # DAGs    # Errors  Last Runtime    Last Run
---------------------------------  -----  ---------  --------  ----------  --------------  -------------------
/opt/airflow/dags/postgres_dag.py                           1           0  0.35s           2023-06-16T12:30:56
================================================================================
[2023-06-16 12:31:54,739] {manager.py:809} INFO - 
================================================================================
DAG File Processing Stats

File Path                          PID    Runtime      # DAGs    # Errors  Last Runtime    Last Run
---------------------------------  -----  ---------  --------  ----------  --------------  -------------------
/opt/airflow/dags/postgres_dag.py                           1           0  0.30s           2023-06-16T12:31:26
================================================================================
[2023-06-16 12:32:25,138] {manager.py:809} INFO - 
================================================================================
DAG File Processing Stats

File Path                          PID    Runtime      # DAGs    # Errors  Last Runtime    Last Run
---------------------------------  -----  ---------  --------  ----------  --------------  -------------------
/opt/airflow/dags/postgres_dag.py                           1           0  0.35s           2023-06-16T12:31:57
================================================================================
[2023-06-16 12:32:55,624] {manager.py:809} INFO - 
================================================================================
DAG File Processing Stats

File Path                          PID    Runtime      # DAGs    # Errors  Last Runtime    Last Run
---------------------------------  -----  ---------  --------  ----------  --------------  -------------------
/opt/airflow/dags/postgres_dag.py                           1           0  0.44s           2023-06-16T12:32:27
================================================================================
[2023-06-16 12:33:26,191] {manager.py:809} INFO - 
================================================================================
DAG File Processing Stats

File Path                          PID    Runtime      # DAGs    # Errors  Last Runtime    Last Run
---------------------------------  -----  ---------  --------  ----------  --------------  -------------------
/opt/airflow/dags/postgres_dag.py                           1           0  0.35s           2023-06-16T12:32:58
================================================================================
[2023-06-16 12:33:56,718] {manager.py:809} INFO - 
================================================================================
DAG File Processing Stats

File Path                          PID    Runtime      # DAGs    # Errors  Last Runtime    Last Run
---------------------------------  -----  ---------  --------  ----------  --------------  -------------------
/opt/airflow/dags/postgres_dag.py                           1           0  0.34s           2023-06-16T12:33:28
================================================================================
[2023-06-16 12:34:27,106] {manager.py:809} INFO - 
================================================================================
DAG File Processing Stats

File Path                          PID    Runtime      # DAGs    # Errors  Last Runtime    Last Run
---------------------------------  -----  ---------  --------  ----------  --------------  -------------------
/opt/airflow/dags/postgres_dag.py                           1           0  0.33s           2023-06-16T12:33:59
================================================================================
[2023-06-16 12:34:57,559] {manager.py:809} INFO - 
================================================================================
DAG File Processing Stats

File Path                          PID    Runtime      # DAGs    # Errors  Last Runtime    Last Run
---------------------------------  -----  ---------  --------  ----------  --------------  -------------------
/opt/airflow/dags/postgres_dag.py                           1           0  0.40s           2023-06-16T12:34:29
================================================================================
[2023-06-16 12:35:28,084] {manager.py:809} INFO - 
================================================================================
DAG File Processing Stats

File Path                          PID    Runtime      # DAGs    # Errors  Last Runtime    Last Run
---------------------------------  -----  ---------  --------  ----------  --------------  -------------------
/opt/airflow/dags/postgres_dag.py                           1           0  0.32s           2023-06-16T12:35:00
================================================================================
[2023-06-16 12:35:39,407] {manager.py:690} INFO - Searching for files in /opt/airflow/dags
[2023-06-16 12:35:39,437] {manager.py:693} INFO - There are 1 files in /opt/airflow/dags
[2023-06-16 12:35:58,554] {manager.py:809} INFO - 
================================================================================
DAG File Processing Stats

File Path                          PID    Runtime      # DAGs    # Errors  Last Runtime    Last Run
---------------------------------  -----  ---------  --------  ----------  --------------  -------------------
/opt/airflow/dags/postgres_dag.py                           1           0  0.44s           2023-06-16T12:35:30
================================================================================
[2023-06-16 12:36:29,044] {manager.py:809} INFO - 
================================================================================
DAG File Processing Stats

File Path                          PID    Runtime      # DAGs    # Errors  Last Runtime    Last Run
---------------------------------  -----  ---------  --------  ----------  --------------  -------------------
/opt/airflow/dags/postgres_dag.py                           1           0  0.32s           2023-06-16T12:36:01
================================================================================
[2023-06-16 12:36:59,501] {manager.py:809} INFO - 
================================================================================
DAG File Processing Stats

File Path                          PID    Runtime      # DAGs    # Errors  Last Runtime    Last Run
---------------------------------  -----  ---------  --------  ----------  --------------  -------------------
/opt/airflow/dags/postgres_dag.py                           1           0  0.36s           2023-06-16T12:36:31
================================================================================
[2023-06-16 12:37:29,940] {manager.py:809} INFO - 
================================================================================
DAG File Processing Stats

File Path                          PID    Runtime      # DAGs    # Errors  Last Runtime    Last Run
---------------------------------  -----  ---------  --------  ----------  --------------  -------------------
/opt/airflow/dags/postgres_dag.py                           1           0  0.35s           2023-06-16T12:37:02
================================================================================
[2023-06-16 12:38:00,418] {manager.py:809} INFO - 
================================================================================
DAG File Processing Stats

File Path                          PID    Runtime      # DAGs    # Errors  Last Runtime    Last Run
---------------------------------  -----  ---------  --------  ----------  --------------  -------------------
/opt/airflow/dags/postgres_dag.py                           1           0  0.36s           2023-06-16T12:37:32
================================================================================
[2023-06-16 12:38:30,845] {manager.py:809} INFO - 
================================================================================
DAG File Processing Stats

File Path                          PID    Runtime      # DAGs    # Errors  Last Runtime    Last Run
---------------------------------  -----  ---------  --------  ----------  --------------  -------------------
/opt/airflow/dags/postgres_dag.py                           1           0  0.38s           2023-06-16T12:38:03
================================================================================
