[2023-06-13 06:21:06,672] {taskinstance.py:1159} INFO - Dependencies all met for <TaskInstance: postgres_dag.createtable_task scheduled__2023-06-12T00:00:00+00:00 [queued]>
[2023-06-13 06:21:06,684] {taskinstance.py:1159} INFO - Dependencies all met for <TaskInstance: postgres_dag.createtable_task scheduled__2023-06-12T00:00:00+00:00 [queued]>
[2023-06-13 06:21:06,684] {taskinstance.py:1356} INFO - 
--------------------------------------------------------------------------------
[2023-06-13 06:21:06,685] {taskinstance.py:1357} INFO - Starting attempt 1 of 2
[2023-06-13 06:21:06,686] {taskinstance.py:1358} INFO - 
--------------------------------------------------------------------------------
[2023-06-13 06:21:06,704] {taskinstance.py:1377} INFO - Executing <Task(PostgresOperator): createtable_task> on 2023-06-12 00:00:00+00:00
[2023-06-13 06:21:06,709] {standard_task_runner.py:52} INFO - Started process 405 to run task
[2023-06-13 06:21:06,716] {standard_task_runner.py:79} INFO - Running: ['***', 'tasks', 'run', 'postgres_dag', 'createtable_task', 'scheduled__2023-06-12T00:00:00+00:00', '--job-id', '3', '--raw', '--subdir', 'DAGS_FOLDER/postgres_dag.py', '--cfg-path', '/tmp/tmphn7dinwv', '--error-file', '/tmp/tmpjjs5g4fo']
[2023-06-13 06:21:06,717] {standard_task_runner.py:80} INFO - Job 3: Subtask createtable_task
[2023-06-13 06:21:06,812] {task_command.py:370} INFO - Running <TaskInstance: postgres_dag.createtable_task scheduled__2023-06-12T00:00:00+00:00 [running]> on host 4be482cb65ef
[2023-06-13 06:21:06,962] {taskinstance.py:1571} INFO - Exporting the following env vars:
AIRFLOW_CTX_DAG_OWNER=***
AIRFLOW_CTX_DAG_ID=postgres_dag
AIRFLOW_CTX_TASK_ID=createtable_task
AIRFLOW_CTX_EXECUTION_DATE=2023-06-12T00:00:00+00:00
AIRFLOW_CTX_TRY_NUMBER=1
AIRFLOW_CTX_DAG_RUN_ID=scheduled__2023-06-12T00:00:00+00:00
[2023-06-13 06:21:07,062] {base.py:68} INFO - Using connection ID 'postgre_assign' for task execution.
[2023-06-13 06:21:07,091] {dbapi.py:213} INFO - Running statement: CREATE TABLE IF NOT EXISTS employee (
            first_name varchar(500) NOT null,
            last_name varchar(500) NOT null,
            job_id varchar(225),
            company varchar(225));, parameters: None
[2023-06-13 06:21:07,171] {taskinstance.py:1400} INFO - Marking task as SUCCESS. dag_id=postgres_dag, task_id=createtable_task, execution_date=20230612T000000, start_date=20230613T062106, end_date=20230613T062107
[2023-06-13 06:21:07,283] {local_task_job.py:156} INFO - Task exited with return code 0
[2023-06-13 06:21:07,431] {local_task_job.py:273} INFO - 1 downstream tasks scheduled from follow-on schedule check
