[2023-06-13 06:21:09,148] {taskinstance.py:1159} INFO - Dependencies all met for <TaskInstance: postgres_dag.query_task scheduled__2023-06-12T00:00:00+00:00 [queued]>
[2023-06-13 06:21:09,154] {taskinstance.py:1159} INFO - Dependencies all met for <TaskInstance: postgres_dag.query_task scheduled__2023-06-12T00:00:00+00:00 [queued]>
[2023-06-13 06:21:09,155] {taskinstance.py:1356} INFO - 
--------------------------------------------------------------------------------
[2023-06-13 06:21:09,155] {taskinstance.py:1357} INFO - Starting attempt 1 of 2
[2023-06-13 06:21:09,156] {taskinstance.py:1358} INFO - 
--------------------------------------------------------------------------------
[2023-06-13 06:21:09,165] {taskinstance.py:1377} INFO - Executing <Task(PostgresOperator): query_task> on 2023-06-12 00:00:00+00:00
[2023-06-13 06:21:09,173] {standard_task_runner.py:52} INFO - Started process 421 to run task
[2023-06-13 06:21:09,177] {standard_task_runner.py:79} INFO - Running: ['***', 'tasks', 'run', 'postgres_dag', 'query_task', 'scheduled__2023-06-12T00:00:00+00:00', '--job-id', '7', '--raw', '--subdir', 'DAGS_FOLDER/postgres_dag.py', '--cfg-path', '/tmp/tmpn8i3abtr', '--error-file', '/tmp/tmpmvli5w9t']
[2023-06-13 06:21:09,177] {standard_task_runner.py:80} INFO - Job 7: Subtask query_task
[2023-06-13 06:21:09,221] {task_command.py:370} INFO - Running <TaskInstance: postgres_dag.query_task scheduled__2023-06-12T00:00:00+00:00 [running]> on host 4be482cb65ef
[2023-06-13 06:21:09,275] {taskinstance.py:1571} INFO - Exporting the following env vars:
AIRFLOW_CTX_DAG_OWNER=***
AIRFLOW_CTX_DAG_ID=postgres_dag
AIRFLOW_CTX_TASK_ID=query_task
AIRFLOW_CTX_EXECUTION_DATE=2023-06-12T00:00:00+00:00
AIRFLOW_CTX_TRY_NUMBER=1
AIRFLOW_CTX_DAG_RUN_ID=scheduled__2023-06-12T00:00:00+00:00
[2023-06-13 06:21:09,287] {base.py:68} INFO - Using connection ID 'postgre_assign' for task execution.
[2023-06-13 06:21:09,296] {dbapi.py:213} INFO - Running statement: select * from employee;

-- select `last_name` from  employee;, parameters: None
[2023-06-13 06:21:09,297] {dbapi.py:221} INFO - Rows affected: 8
[2023-06-13 06:21:09,308] {taskinstance.py:1400} INFO - Marking task as SUCCESS. dag_id=postgres_dag, task_id=query_task, execution_date=20230612T000000, start_date=20230613T062109, end_date=20230613T062109
[2023-06-13 06:21:09,350] {local_task_job.py:156} INFO - Task exited with return code 0
[2023-06-13 06:21:09,386] {local_task_job.py:273} INFO - 0 downstream tasks scheduled from follow-on schedule check
