[2023-06-13 06:21:07,986] {taskinstance.py:1159} INFO - Dependencies all met for <TaskInstance: postgres_dag.insert_rows_task scheduled__2023-06-12T00:00:00+00:00 [queued]>
[2023-06-13 06:21:07,994] {taskinstance.py:1159} INFO - Dependencies all met for <TaskInstance: postgres_dag.insert_rows_task scheduled__2023-06-12T00:00:00+00:00 [queued]>
[2023-06-13 06:21:07,995] {taskinstance.py:1356} INFO - 
--------------------------------------------------------------------------------
[2023-06-13 06:21:07,996] {taskinstance.py:1357} INFO - Starting attempt 1 of 2
[2023-06-13 06:21:07,997] {taskinstance.py:1358} INFO - 
--------------------------------------------------------------------------------
[2023-06-13 06:21:08,007] {taskinstance.py:1377} INFO - Executing <Task(PostgresOperator): insert_rows_task> on 2023-06-12 00:00:00+00:00
[2023-06-13 06:21:08,011] {standard_task_runner.py:52} INFO - Started process 416 to run task
[2023-06-13 06:21:08,015] {standard_task_runner.py:79} INFO - Running: ['***', 'tasks', 'run', 'postgres_dag', 'insert_rows_task', 'scheduled__2023-06-12T00:00:00+00:00', '--job-id', '5', '--raw', '--subdir', 'DAGS_FOLDER/postgres_dag.py', '--cfg-path', '/tmp/tmpsd42lhau', '--error-file', '/tmp/tmpqdneb2aa']
[2023-06-13 06:21:08,019] {standard_task_runner.py:80} INFO - Job 5: Subtask insert_rows_task
[2023-06-13 06:21:08,068] {task_command.py:370} INFO - Running <TaskInstance: postgres_dag.insert_rows_task scheduled__2023-06-12T00:00:00+00:00 [running]> on host 4be482cb65ef
[2023-06-13 06:21:08,153] {taskinstance.py:1571} INFO - Exporting the following env vars:
AIRFLOW_CTX_DAG_OWNER=***
AIRFLOW_CTX_DAG_ID=postgres_dag
AIRFLOW_CTX_TASK_ID=insert_rows_task
AIRFLOW_CTX_EXECUTION_DATE=2023-06-12T00:00:00+00:00
AIRFLOW_CTX_TRY_NUMBER=1
AIRFLOW_CTX_DAG_RUN_ID=scheduled__2023-06-12T00:00:00+00:00
[2023-06-13 06:21:08,178] {base.py:68} INFO - Using connection ID 'postgre_assign' for task execution.
[2023-06-13 06:21:08,193] {dbapi.py:213} INFO - Running statement: insert into employee 
values ('praneeth','kothapally', 'TAS-143', 'sigmoid'),
('srinivas','mogula', 'TAS-148', 'sigmoid'),
('mohan','gunguri', 'TAS-150', 'sigmoid'),
('srinivas','chakri', 'TAS-154', 'sigmoid');, parameters: None
[2023-06-13 06:21:08,196] {dbapi.py:221} INFO - Rows affected: 4
[2023-06-13 06:21:08,226] {taskinstance.py:1400} INFO - Marking task as SUCCESS. dag_id=postgres_dag, task_id=insert_rows_task, execution_date=20230612T000000, start_date=20230613T062107, end_date=20230613T062108
[2023-06-13 06:21:08,270] {local_task_job.py:156} INFO - Task exited with return code 0
[2023-06-13 06:21:08,305] {local_task_job.py:273} INFO - 1 downstream tasks scheduled from follow-on schedule check
