[2023-06-16 12:05:39,262] {processor.py:153} INFO - Started process (PID=42) to work on /opt/airflow/dags/postgres_dag.py
[2023-06-16 12:05:39,287] {processor.py:641} INFO - Processing file /opt/airflow/dags/postgres_dag.py for tasks to queue
[2023-06-16 12:05:39,290] {logging_mixin.py:115} INFO - [2023-06-16 12:05:39,290] {dagbag.py:507} INFO - Filling up the DagBag from /opt/airflow/dags/postgres_dag.py
[2023-06-16 12:05:39,515] {processor.py:651} INFO - DAG(s) dict_keys(['postgres_dag']) retrieved from /opt/airflow/dags/postgres_dag.py
[2023-06-16 12:05:40,168] {logging_mixin.py:115} INFO - [2023-06-16 12:05:40,168] {manager.py:508} INFO - Created Permission View: can delete on DAG:postgres_dag
[2023-06-16 12:05:40,196] {logging_mixin.py:115} INFO - [2023-06-16 12:05:40,196] {manager.py:508} INFO - Created Permission View: can edit on DAG:postgres_dag
[2023-06-16 12:05:40,234] {logging_mixin.py:115} INFO - [2023-06-16 12:05:40,233] {manager.py:508} INFO - Created Permission View: can read on DAG:postgres_dag
[2023-06-16 12:05:40,236] {logging_mixin.py:115} INFO - [2023-06-16 12:05:40,236] {dag.py:2379} INFO - Sync 1 DAGs
[2023-06-16 12:05:40,281] {logging_mixin.py:115} INFO - [2023-06-16 12:05:40,281] {dag.py:2398} INFO - Creating ORM DAG for postgres_dag
[2023-06-16 12:05:40,379] {logging_mixin.py:115} INFO - [2023-06-16 12:05:40,379] {dag.py:2931} INFO - Setting next_dagrun for postgres_dag to 2023-06-15T00:00:00+00:00, run_after=2023-06-16T00:00:00+00:00
[2023-06-16 12:05:40,492] {processor.py:161} INFO - Processing /opt/airflow/dags/postgres_dag.py took 1.287 seconds
[2023-06-16 12:06:10,693] {processor.py:153} INFO - Started process (PID=71) to work on /opt/airflow/dags/postgres_dag.py
[2023-06-16 12:06:10,695] {processor.py:641} INFO - Processing file /opt/airflow/dags/postgres_dag.py for tasks to queue
[2023-06-16 12:06:10,696] {logging_mixin.py:115} INFO - [2023-06-16 12:06:10,696] {dagbag.py:507} INFO - Filling up the DagBag from /opt/airflow/dags/postgres_dag.py
[2023-06-16 12:06:10,751] {processor.py:651} INFO - DAG(s) dict_keys(['postgres_dag']) retrieved from /opt/airflow/dags/postgres_dag.py
[2023-06-16 12:06:10,792] {logging_mixin.py:115} INFO - [2023-06-16 12:06:10,792] {dag.py:2379} INFO - Sync 1 DAGs
[2023-06-16 12:06:10,820] {logging_mixin.py:115} INFO - [2023-06-16 12:06:10,820] {dag.py:2931} INFO - Setting next_dagrun for postgres_dag to 2023-06-15T00:00:00+00:00, run_after=2023-06-16T00:00:00+00:00
[2023-06-16 12:06:10,837] {processor.py:161} INFO - Processing /opt/airflow/dags/postgres_dag.py took 0.150 seconds
[2023-06-16 12:06:40,963] {processor.py:153} INFO - Started process (PID=90) to work on /opt/airflow/dags/postgres_dag.py
[2023-06-16 12:06:40,965] {processor.py:641} INFO - Processing file /opt/airflow/dags/postgres_dag.py for tasks to queue
[2023-06-16 12:06:40,967] {logging_mixin.py:115} INFO - [2023-06-16 12:06:40,967] {dagbag.py:507} INFO - Filling up the DagBag from /opt/airflow/dags/postgres_dag.py
[2023-06-16 12:06:40,992] {processor.py:651} INFO - DAG(s) dict_keys(['postgres_dag']) retrieved from /opt/airflow/dags/postgres_dag.py
[2023-06-16 12:06:41,023] {logging_mixin.py:115} INFO - [2023-06-16 12:06:41,023] {dag.py:2379} INFO - Sync 1 DAGs
[2023-06-16 12:06:41,043] {logging_mixin.py:115} INFO - [2023-06-16 12:06:41,043] {dag.py:2931} INFO - Setting next_dagrun for postgres_dag to 2023-06-15T00:00:00+00:00, run_after=2023-06-16T00:00:00+00:00
[2023-06-16 12:06:41,051] {processor.py:161} INFO - Processing /opt/airflow/dags/postgres_dag.py took 0.096 seconds
[2023-06-16 12:07:11,198] {processor.py:153} INFO - Started process (PID=118) to work on /opt/airflow/dags/postgres_dag.py
[2023-06-16 12:07:11,200] {processor.py:641} INFO - Processing file /opt/airflow/dags/postgres_dag.py for tasks to queue
[2023-06-16 12:07:11,201] {logging_mixin.py:115} INFO - [2023-06-16 12:07:11,201] {dagbag.py:507} INFO - Filling up the DagBag from /opt/airflow/dags/postgres_dag.py
[2023-06-16 12:07:11,225] {processor.py:651} INFO - DAG(s) dict_keys(['postgres_dag']) retrieved from /opt/airflow/dags/postgres_dag.py
[2023-06-16 12:07:11,251] {logging_mixin.py:115} INFO - [2023-06-16 12:07:11,251] {dag.py:2379} INFO - Sync 1 DAGs
[2023-06-16 12:07:11,268] {logging_mixin.py:115} INFO - [2023-06-16 12:07:11,268] {dag.py:2931} INFO - Setting next_dagrun for postgres_dag to 2023-06-15T00:00:00+00:00, run_after=2023-06-16T00:00:00+00:00
[2023-06-16 12:07:11,276] {processor.py:161} INFO - Processing /opt/airflow/dags/postgres_dag.py took 0.085 seconds
[2023-06-16 12:07:41,347] {processor.py:153} INFO - Started process (PID=146) to work on /opt/airflow/dags/postgres_dag.py
[2023-06-16 12:07:41,348] {processor.py:641} INFO - Processing file /opt/airflow/dags/postgres_dag.py for tasks to queue
[2023-06-16 12:07:41,349] {logging_mixin.py:115} INFO - [2023-06-16 12:07:41,349] {dagbag.py:507} INFO - Filling up the DagBag from /opt/airflow/dags/postgres_dag.py
[2023-06-16 12:07:41,369] {processor.py:651} INFO - DAG(s) dict_keys(['postgres_dag']) retrieved from /opt/airflow/dags/postgres_dag.py
[2023-06-16 12:07:41,398] {logging_mixin.py:115} INFO - [2023-06-16 12:07:41,398] {dag.py:2379} INFO - Sync 1 DAGs
[2023-06-16 12:07:41,417] {logging_mixin.py:115} INFO - [2023-06-16 12:07:41,417] {dag.py:2931} INFO - Setting next_dagrun for postgres_dag to 2023-06-15T00:00:00+00:00, run_after=2023-06-16T00:00:00+00:00
[2023-06-16 12:07:41,426] {processor.py:161} INFO - Processing /opt/airflow/dags/postgres_dag.py took 0.083 seconds
[2023-06-16 12:08:11,568] {processor.py:153} INFO - Started process (PID=175) to work on /opt/airflow/dags/postgres_dag.py
[2023-06-16 12:08:11,570] {processor.py:641} INFO - Processing file /opt/airflow/dags/postgres_dag.py for tasks to queue
[2023-06-16 12:08:11,572] {logging_mixin.py:115} INFO - [2023-06-16 12:08:11,572] {dagbag.py:507} INFO - Filling up the DagBag from /opt/airflow/dags/postgres_dag.py
[2023-06-16 12:08:11,599] {processor.py:651} INFO - DAG(s) dict_keys(['postgres_dag']) retrieved from /opt/airflow/dags/postgres_dag.py
[2023-06-16 12:08:11,627] {logging_mixin.py:115} INFO - [2023-06-16 12:08:11,627] {dag.py:2379} INFO - Sync 1 DAGs
[2023-06-16 12:08:11,645] {logging_mixin.py:115} INFO - [2023-06-16 12:08:11,645] {dag.py:2931} INFO - Setting next_dagrun for postgres_dag to 2023-06-15T00:00:00+00:00, run_after=2023-06-16T00:00:00+00:00
[2023-06-16 12:08:11,652] {processor.py:161} INFO - Processing /opt/airflow/dags/postgres_dag.py took 0.092 seconds
[2023-06-16 12:08:41,722] {processor.py:153} INFO - Started process (PID=203) to work on /opt/airflow/dags/postgres_dag.py
[2023-06-16 12:08:41,723] {processor.py:641} INFO - Processing file /opt/airflow/dags/postgres_dag.py for tasks to queue
[2023-06-16 12:08:41,725] {logging_mixin.py:115} INFO - [2023-06-16 12:08:41,725] {dagbag.py:507} INFO - Filling up the DagBag from /opt/airflow/dags/postgres_dag.py
[2023-06-16 12:08:41,745] {processor.py:651} INFO - DAG(s) dict_keys(['postgres_dag']) retrieved from /opt/airflow/dags/postgres_dag.py
[2023-06-16 12:08:41,771] {logging_mixin.py:115} INFO - [2023-06-16 12:08:41,771] {dag.py:2379} INFO - Sync 1 DAGs
[2023-06-16 12:08:41,789] {logging_mixin.py:115} INFO - [2023-06-16 12:08:41,789] {dag.py:2931} INFO - Setting next_dagrun for postgres_dag to 2023-06-15T00:00:00+00:00, run_after=2023-06-16T00:00:00+00:00
[2023-06-16 12:08:41,796] {processor.py:161} INFO - Processing /opt/airflow/dags/postgres_dag.py took 0.079 seconds
[2023-06-16 12:09:11,942] {processor.py:153} INFO - Started process (PID=222) to work on /opt/airflow/dags/postgres_dag.py
[2023-06-16 12:09:11,944] {processor.py:641} INFO - Processing file /opt/airflow/dags/postgres_dag.py for tasks to queue
[2023-06-16 12:09:11,946] {logging_mixin.py:115} INFO - [2023-06-16 12:09:11,946] {dagbag.py:507} INFO - Filling up the DagBag from /opt/airflow/dags/postgres_dag.py
[2023-06-16 12:09:11,982] {processor.py:651} INFO - DAG(s) dict_keys(['postgres_dag']) retrieved from /opt/airflow/dags/postgres_dag.py
[2023-06-16 12:09:12,011] {logging_mixin.py:115} INFO - [2023-06-16 12:09:12,011] {dag.py:2379} INFO - Sync 1 DAGs
[2023-06-16 12:09:12,030] {logging_mixin.py:115} INFO - [2023-06-16 12:09:12,030] {dag.py:2931} INFO - Setting next_dagrun for postgres_dag to 2023-06-15T00:00:00+00:00, run_after=2023-06-16T00:00:00+00:00
[2023-06-16 12:09:12,038] {processor.py:161} INFO - Processing /opt/airflow/dags/postgres_dag.py took 0.103 seconds
[2023-06-16 12:09:42,095] {processor.py:153} INFO - Started process (PID=251) to work on /opt/airflow/dags/postgres_dag.py
[2023-06-16 12:09:42,096] {processor.py:641} INFO - Processing file /opt/airflow/dags/postgres_dag.py for tasks to queue
[2023-06-16 12:09:42,097] {logging_mixin.py:115} INFO - [2023-06-16 12:09:42,097] {dagbag.py:507} INFO - Filling up the DagBag from /opt/airflow/dags/postgres_dag.py
[2023-06-16 12:09:42,133] {processor.py:651} INFO - DAG(s) dict_keys(['postgres_dag']) retrieved from /opt/airflow/dags/postgres_dag.py
[2023-06-16 12:09:42,164] {logging_mixin.py:115} INFO - [2023-06-16 12:09:42,164] {dag.py:2379} INFO - Sync 1 DAGs
[2023-06-16 12:09:42,184] {logging_mixin.py:115} INFO - [2023-06-16 12:09:42,184] {dag.py:2931} INFO - Setting next_dagrun for postgres_dag to 2023-06-15T00:00:00+00:00, run_after=2023-06-16T00:00:00+00:00
[2023-06-16 12:09:42,192] {processor.py:161} INFO - Processing /opt/airflow/dags/postgres_dag.py took 0.102 seconds
[2023-06-16 12:10:12,358] {processor.py:153} INFO - Started process (PID=279) to work on /opt/airflow/dags/postgres_dag.py
[2023-06-16 12:10:12,359] {processor.py:641} INFO - Processing file /opt/airflow/dags/postgres_dag.py for tasks to queue
[2023-06-16 12:10:12,361] {logging_mixin.py:115} INFO - [2023-06-16 12:10:12,361] {dagbag.py:507} INFO - Filling up the DagBag from /opt/airflow/dags/postgres_dag.py
[2023-06-16 12:10:12,410] {processor.py:651} INFO - DAG(s) dict_keys(['postgres_dag']) retrieved from /opt/airflow/dags/postgres_dag.py
[2023-06-16 12:10:12,478] {logging_mixin.py:115} INFO - [2023-06-16 12:10:12,478] {dag.py:2379} INFO - Sync 1 DAGs
[2023-06-16 12:10:12,518] {logging_mixin.py:115} INFO - [2023-06-16 12:10:12,517] {dag.py:2931} INFO - Setting next_dagrun for postgres_dag to 2023-06-15T00:00:00+00:00, run_after=2023-06-16T00:00:00+00:00
[2023-06-16 12:10:12,534] {processor.py:161} INFO - Processing /opt/airflow/dags/postgres_dag.py took 0.184 seconds
[2023-06-16 12:10:42,826] {processor.py:153} INFO - Started process (PID=306) to work on /opt/airflow/dags/postgres_dag.py
[2023-06-16 12:10:42,828] {processor.py:641} INFO - Processing file /opt/airflow/dags/postgres_dag.py for tasks to queue
[2023-06-16 12:10:42,830] {logging_mixin.py:115} INFO - [2023-06-16 12:10:42,830] {dagbag.py:507} INFO - Filling up the DagBag from /opt/airflow/dags/postgres_dag.py
[2023-06-16 12:10:42,879] {processor.py:651} INFO - DAG(s) dict_keys(['postgres_dag']) retrieved from /opt/airflow/dags/postgres_dag.py
[2023-06-16 12:10:42,918] {logging_mixin.py:115} INFO - [2023-06-16 12:10:42,918] {dag.py:2379} INFO - Sync 1 DAGs
[2023-06-16 12:10:42,937] {logging_mixin.py:115} INFO - [2023-06-16 12:10:42,937] {dag.py:2931} INFO - Setting next_dagrun for postgres_dag to 2023-06-16T00:00:00+00:00, run_after=2023-06-17T00:00:00+00:00
[2023-06-16 12:10:42,945] {processor.py:161} INFO - Processing /opt/airflow/dags/postgres_dag.py took 0.126 seconds
[2023-06-16 12:11:13,129] {processor.py:153} INFO - Started process (PID=326) to work on /opt/airflow/dags/postgres_dag.py
[2023-06-16 12:11:13,133] {processor.py:641} INFO - Processing file /opt/airflow/dags/postgres_dag.py for tasks to queue
[2023-06-16 12:11:13,141] {logging_mixin.py:115} INFO - [2023-06-16 12:11:13,140] {dagbag.py:507} INFO - Filling up the DagBag from /opt/airflow/dags/postgres_dag.py
[2023-06-16 12:11:13,187] {processor.py:651} INFO - DAG(s) dict_keys(['postgres_dag']) retrieved from /opt/airflow/dags/postgres_dag.py
[2023-06-16 12:11:13,248] {logging_mixin.py:115} INFO - [2023-06-16 12:11:13,247] {dag.py:2379} INFO - Sync 1 DAGs
[2023-06-16 12:11:13,275] {logging_mixin.py:115} INFO - [2023-06-16 12:11:13,275] {dag.py:2931} INFO - Setting next_dagrun for postgres_dag to 2023-06-16T00:00:00+00:00, run_after=2023-06-17T00:00:00+00:00
[2023-06-16 12:11:13,286] {processor.py:161} INFO - Processing /opt/airflow/dags/postgres_dag.py took 0.164 seconds
[2023-06-16 12:11:43,423] {processor.py:153} INFO - Started process (PID=355) to work on /opt/airflow/dags/postgres_dag.py
[2023-06-16 12:11:43,425] {processor.py:641} INFO - Processing file /opt/airflow/dags/postgres_dag.py for tasks to queue
[2023-06-16 12:11:43,425] {logging_mixin.py:115} INFO - [2023-06-16 12:11:43,425] {dagbag.py:507} INFO - Filling up the DagBag from /opt/airflow/dags/postgres_dag.py
[2023-06-16 12:11:43,465] {processor.py:651} INFO - DAG(s) dict_keys(['postgres_dag']) retrieved from /opt/airflow/dags/postgres_dag.py
[2023-06-16 12:11:43,492] {logging_mixin.py:115} INFO - [2023-06-16 12:11:43,492] {dag.py:2379} INFO - Sync 1 DAGs
[2023-06-16 12:11:43,511] {logging_mixin.py:115} INFO - [2023-06-16 12:11:43,511] {dag.py:2931} INFO - Setting next_dagrun for postgres_dag to 2023-06-16T00:00:00+00:00, run_after=2023-06-17T00:00:00+00:00
[2023-06-16 12:11:43,518] {processor.py:161} INFO - Processing /opt/airflow/dags/postgres_dag.py took 0.099 seconds
[2023-06-16 12:12:13,663] {processor.py:153} INFO - Started process (PID=382) to work on /opt/airflow/dags/postgres_dag.py
[2023-06-16 12:12:13,665] {processor.py:641} INFO - Processing file /opt/airflow/dags/postgres_dag.py for tasks to queue
[2023-06-16 12:12:13,666] {logging_mixin.py:115} INFO - [2023-06-16 12:12:13,666] {dagbag.py:507} INFO - Filling up the DagBag from /opt/airflow/dags/postgres_dag.py
[2023-06-16 12:12:13,690] {processor.py:651} INFO - DAG(s) dict_keys(['postgres_dag']) retrieved from /opt/airflow/dags/postgres_dag.py
[2023-06-16 12:12:13,718] {logging_mixin.py:115} INFO - [2023-06-16 12:12:13,717] {dag.py:2379} INFO - Sync 1 DAGs
[2023-06-16 12:12:13,737] {logging_mixin.py:115} INFO - [2023-06-16 12:12:13,737] {dag.py:2931} INFO - Setting next_dagrun for postgres_dag to 2023-06-16T00:00:00+00:00, run_after=2023-06-17T00:00:00+00:00
[2023-06-16 12:12:13,745] {processor.py:161} INFO - Processing /opt/airflow/dags/postgres_dag.py took 0.089 seconds
[2023-06-16 12:12:43,826] {processor.py:153} INFO - Started process (PID=412) to work on /opt/airflow/dags/postgres_dag.py
[2023-06-16 12:12:43,828] {processor.py:641} INFO - Processing file /opt/airflow/dags/postgres_dag.py for tasks to queue
[2023-06-16 12:12:43,829] {logging_mixin.py:115} INFO - [2023-06-16 12:12:43,829] {dagbag.py:507} INFO - Filling up the DagBag from /opt/airflow/dags/postgres_dag.py
[2023-06-16 12:12:43,862] {processor.py:651} INFO - DAG(s) dict_keys(['postgres_dag']) retrieved from /opt/airflow/dags/postgres_dag.py
[2023-06-16 12:12:43,891] {logging_mixin.py:115} INFO - [2023-06-16 12:12:43,891] {dag.py:2379} INFO - Sync 1 DAGs
[2023-06-16 12:12:43,911] {logging_mixin.py:115} INFO - [2023-06-16 12:12:43,911] {dag.py:2931} INFO - Setting next_dagrun for postgres_dag to 2023-06-16T00:00:00+00:00, run_after=2023-06-17T00:00:00+00:00
[2023-06-16 12:12:43,923] {processor.py:161} INFO - Processing /opt/airflow/dags/postgres_dag.py took 0.101 seconds
[2023-06-16 12:13:14,047] {processor.py:153} INFO - Started process (PID=440) to work on /opt/airflow/dags/postgres_dag.py
[2023-06-16 12:13:14,049] {processor.py:641} INFO - Processing file /opt/airflow/dags/postgres_dag.py for tasks to queue
[2023-06-16 12:13:14,051] {logging_mixin.py:115} INFO - [2023-06-16 12:13:14,051] {dagbag.py:507} INFO - Filling up the DagBag from /opt/airflow/dags/postgres_dag.py
[2023-06-16 12:13:14,086] {processor.py:651} INFO - DAG(s) dict_keys(['postgres_dag']) retrieved from /opt/airflow/dags/postgres_dag.py
[2023-06-16 12:13:14,132] {logging_mixin.py:115} INFO - [2023-06-16 12:13:14,132] {dag.py:2379} INFO - Sync 1 DAGs
[2023-06-16 12:13:14,154] {logging_mixin.py:115} INFO - [2023-06-16 12:13:14,154] {dag.py:2931} INFO - Setting next_dagrun for postgres_dag to 2023-06-16T00:00:00+00:00, run_after=2023-06-17T00:00:00+00:00
[2023-06-16 12:13:14,162] {processor.py:161} INFO - Processing /opt/airflow/dags/postgres_dag.py took 0.125 seconds
[2023-06-16 12:13:44,334] {processor.py:153} INFO - Started process (PID=458) to work on /opt/airflow/dags/postgres_dag.py
[2023-06-16 12:13:44,336] {processor.py:641} INFO - Processing file /opt/airflow/dags/postgres_dag.py for tasks to queue
[2023-06-16 12:13:44,337] {logging_mixin.py:115} INFO - [2023-06-16 12:13:44,337] {dagbag.py:507} INFO - Filling up the DagBag from /opt/airflow/dags/postgres_dag.py
[2023-06-16 12:13:44,377] {processor.py:651} INFO - DAG(s) dict_keys(['postgres_dag']) retrieved from /opt/airflow/dags/postgres_dag.py
[2023-06-16 12:13:44,409] {logging_mixin.py:115} INFO - [2023-06-16 12:13:44,409] {dag.py:2379} INFO - Sync 1 DAGs
[2023-06-16 12:13:44,429] {logging_mixin.py:115} INFO - [2023-06-16 12:13:44,429] {dag.py:2931} INFO - Setting next_dagrun for postgres_dag to 2023-06-16T00:00:00+00:00, run_after=2023-06-17T00:00:00+00:00
[2023-06-16 12:13:44,436] {processor.py:161} INFO - Processing /opt/airflow/dags/postgres_dag.py took 0.108 seconds
[2023-06-16 12:14:14,595] {processor.py:153} INFO - Started process (PID=485) to work on /opt/airflow/dags/postgres_dag.py
[2023-06-16 12:14:14,597] {processor.py:641} INFO - Processing file /opt/airflow/dags/postgres_dag.py for tasks to queue
[2023-06-16 12:14:14,598] {logging_mixin.py:115} INFO - [2023-06-16 12:14:14,598] {dagbag.py:507} INFO - Filling up the DagBag from /opt/airflow/dags/postgres_dag.py
[2023-06-16 12:14:14,649] {processor.py:651} INFO - DAG(s) dict_keys(['postgres_dag']) retrieved from /opt/airflow/dags/postgres_dag.py
[2023-06-16 12:14:14,677] {logging_mixin.py:115} INFO - [2023-06-16 12:14:14,677] {dag.py:2379} INFO - Sync 1 DAGs
[2023-06-16 12:14:14,696] {logging_mixin.py:115} INFO - [2023-06-16 12:14:14,696] {dag.py:2931} INFO - Setting next_dagrun for postgres_dag to 2023-06-16T00:00:00+00:00, run_after=2023-06-17T00:00:00+00:00
[2023-06-16 12:14:14,703] {processor.py:161} INFO - Processing /opt/airflow/dags/postgres_dag.py took 0.118 seconds
[2023-06-16 12:14:44,796] {processor.py:153} INFO - Started process (PID=512) to work on /opt/airflow/dags/postgres_dag.py
[2023-06-16 12:14:44,798] {processor.py:641} INFO - Processing file /opt/airflow/dags/postgres_dag.py for tasks to queue
[2023-06-16 12:14:44,799] {logging_mixin.py:115} INFO - [2023-06-16 12:14:44,799] {dagbag.py:507} INFO - Filling up the DagBag from /opt/airflow/dags/postgres_dag.py
[2023-06-16 12:14:44,828] {processor.py:651} INFO - DAG(s) dict_keys(['postgres_dag']) retrieved from /opt/airflow/dags/postgres_dag.py
[2023-06-16 12:14:44,869] {logging_mixin.py:115} INFO - [2023-06-16 12:14:44,869] {dag.py:2379} INFO - Sync 1 DAGs
[2023-06-16 12:14:44,890] {logging_mixin.py:115} INFO - [2023-06-16 12:14:44,890] {dag.py:2931} INFO - Setting next_dagrun for postgres_dag to 2023-06-16T00:00:00+00:00, run_after=2023-06-17T00:00:00+00:00
[2023-06-16 12:14:44,897] {processor.py:161} INFO - Processing /opt/airflow/dags/postgres_dag.py took 0.108 seconds
[2023-06-16 12:15:14,992] {processor.py:153} INFO - Started process (PID=539) to work on /opt/airflow/dags/postgres_dag.py
[2023-06-16 12:15:14,994] {processor.py:641} INFO - Processing file /opt/airflow/dags/postgres_dag.py for tasks to queue
[2023-06-16 12:15:14,996] {logging_mixin.py:115} INFO - [2023-06-16 12:15:14,995] {dagbag.py:507} INFO - Filling up the DagBag from /opt/airflow/dags/postgres_dag.py
[2023-06-16 12:15:15,037] {processor.py:651} INFO - DAG(s) dict_keys(['postgres_dag']) retrieved from /opt/airflow/dags/postgres_dag.py
[2023-06-16 12:15:15,066] {logging_mixin.py:115} INFO - [2023-06-16 12:15:15,066] {dag.py:2379} INFO - Sync 1 DAGs
[2023-06-16 12:15:15,085] {logging_mixin.py:115} INFO - [2023-06-16 12:15:15,085] {dag.py:2931} INFO - Setting next_dagrun for postgres_dag to 2023-06-16T00:00:00+00:00, run_after=2023-06-17T00:00:00+00:00
[2023-06-16 12:15:15,092] {processor.py:161} INFO - Processing /opt/airflow/dags/postgres_dag.py took 0.107 seconds
[2023-06-16 12:15:45,242] {processor.py:153} INFO - Started process (PID=558) to work on /opt/airflow/dags/postgres_dag.py
[2023-06-16 12:15:45,244] {processor.py:641} INFO - Processing file /opt/airflow/dags/postgres_dag.py for tasks to queue
[2023-06-16 12:15:45,246] {logging_mixin.py:115} INFO - [2023-06-16 12:15:45,246] {dagbag.py:507} INFO - Filling up the DagBag from /opt/airflow/dags/postgres_dag.py
[2023-06-16 12:15:45,273] {processor.py:651} INFO - DAG(s) dict_keys(['postgres_dag']) retrieved from /opt/airflow/dags/postgres_dag.py
[2023-06-16 12:15:45,301] {logging_mixin.py:115} INFO - [2023-06-16 12:15:45,301] {dag.py:2379} INFO - Sync 1 DAGs
[2023-06-16 12:15:45,319] {logging_mixin.py:115} INFO - [2023-06-16 12:15:45,319] {dag.py:2931} INFO - Setting next_dagrun for postgres_dag to 2023-06-16T00:00:00+00:00, run_after=2023-06-17T00:00:00+00:00
[2023-06-16 12:15:45,326] {processor.py:161} INFO - Processing /opt/airflow/dags/postgres_dag.py took 0.092 seconds
[2023-06-16 12:16:15,434] {processor.py:153} INFO - Started process (PID=586) to work on /opt/airflow/dags/postgres_dag.py
[2023-06-16 12:16:15,436] {processor.py:641} INFO - Processing file /opt/airflow/dags/postgres_dag.py for tasks to queue
[2023-06-16 12:16:15,438] {logging_mixin.py:115} INFO - [2023-06-16 12:16:15,438] {dagbag.py:507} INFO - Filling up the DagBag from /opt/airflow/dags/postgres_dag.py
[2023-06-16 12:16:15,466] {processor.py:651} INFO - DAG(s) dict_keys(['postgres_dag']) retrieved from /opt/airflow/dags/postgres_dag.py
[2023-06-16 12:16:15,511] {logging_mixin.py:115} INFO - [2023-06-16 12:16:15,511] {dag.py:2379} INFO - Sync 1 DAGs
[2023-06-16 12:16:15,541] {logging_mixin.py:115} INFO - [2023-06-16 12:16:15,541] {dag.py:2931} INFO - Setting next_dagrun for postgres_dag to 2023-06-16T00:00:00+00:00, run_after=2023-06-17T00:00:00+00:00
[2023-06-16 12:16:15,561] {processor.py:161} INFO - Processing /opt/airflow/dags/postgres_dag.py took 0.135 seconds
[2023-06-16 12:16:45,695] {processor.py:153} INFO - Started process (PID=615) to work on /opt/airflow/dags/postgres_dag.py
[2023-06-16 12:16:45,698] {processor.py:641} INFO - Processing file /opt/airflow/dags/postgres_dag.py for tasks to queue
[2023-06-16 12:16:45,702] {logging_mixin.py:115} INFO - [2023-06-16 12:16:45,701] {dagbag.py:507} INFO - Filling up the DagBag from /opt/airflow/dags/postgres_dag.py
[2023-06-16 12:16:45,734] {processor.py:651} INFO - DAG(s) dict_keys(['postgres_dag']) retrieved from /opt/airflow/dags/postgres_dag.py
[2023-06-16 12:16:45,768] {logging_mixin.py:115} INFO - [2023-06-16 12:16:45,768] {dag.py:2379} INFO - Sync 1 DAGs
[2023-06-16 12:16:45,789] {logging_mixin.py:115} INFO - [2023-06-16 12:16:45,789] {dag.py:2931} INFO - Setting next_dagrun for postgres_dag to 2023-06-16T00:00:00+00:00, run_after=2023-06-17T00:00:00+00:00
[2023-06-16 12:16:45,797] {processor.py:161} INFO - Processing /opt/airflow/dags/postgres_dag.py took 0.108 seconds
[2023-06-16 12:17:15,863] {processor.py:153} INFO - Started process (PID=643) to work on /opt/airflow/dags/postgres_dag.py
[2023-06-16 12:17:15,865] {processor.py:641} INFO - Processing file /opt/airflow/dags/postgres_dag.py for tasks to queue
[2023-06-16 12:17:15,866] {logging_mixin.py:115} INFO - [2023-06-16 12:17:15,866] {dagbag.py:507} INFO - Filling up the DagBag from /opt/airflow/dags/postgres_dag.py
[2023-06-16 12:17:15,905] {processor.py:651} INFO - DAG(s) dict_keys(['postgres_dag']) retrieved from /opt/airflow/dags/postgres_dag.py
[2023-06-16 12:17:15,932] {logging_mixin.py:115} INFO - [2023-06-16 12:17:15,932] {dag.py:2379} INFO - Sync 1 DAGs
[2023-06-16 12:17:15,951] {logging_mixin.py:115} INFO - [2023-06-16 12:17:15,951] {dag.py:2931} INFO - Setting next_dagrun for postgres_dag to 2023-06-16T00:00:00+00:00, run_after=2023-06-17T00:00:00+00:00
[2023-06-16 12:17:15,959] {processor.py:161} INFO - Processing /opt/airflow/dags/postgres_dag.py took 0.102 seconds
[2023-06-16 12:17:46,068] {processor.py:153} INFO - Started process (PID=672) to work on /opt/airflow/dags/postgres_dag.py
[2023-06-16 12:17:46,070] {processor.py:641} INFO - Processing file /opt/airflow/dags/postgres_dag.py for tasks to queue
[2023-06-16 12:17:46,071] {logging_mixin.py:115} INFO - [2023-06-16 12:17:46,071] {dagbag.py:507} INFO - Filling up the DagBag from /opt/airflow/dags/postgres_dag.py
[2023-06-16 12:17:46,104] {processor.py:651} INFO - DAG(s) dict_keys(['postgres_dag']) retrieved from /opt/airflow/dags/postgres_dag.py
[2023-06-16 12:17:46,134] {logging_mixin.py:115} INFO - [2023-06-16 12:17:46,134] {dag.py:2379} INFO - Sync 1 DAGs
[2023-06-16 12:17:46,155] {logging_mixin.py:115} INFO - [2023-06-16 12:17:46,155] {dag.py:2931} INFO - Setting next_dagrun for postgres_dag to 2023-06-16T00:00:00+00:00, run_after=2023-06-17T00:00:00+00:00
[2023-06-16 12:17:46,164] {processor.py:161} INFO - Processing /opt/airflow/dags/postgres_dag.py took 0.100 seconds
[2023-06-16 12:18:16,238] {processor.py:153} INFO - Started process (PID=691) to work on /opt/airflow/dags/postgres_dag.py
[2023-06-16 12:18:16,240] {processor.py:641} INFO - Processing file /opt/airflow/dags/postgres_dag.py for tasks to queue
[2023-06-16 12:18:16,242] {logging_mixin.py:115} INFO - [2023-06-16 12:18:16,241] {dagbag.py:507} INFO - Filling up the DagBag from /opt/airflow/dags/postgres_dag.py
[2023-06-16 12:18:16,267] {processor.py:651} INFO - DAG(s) dict_keys(['postgres_dag']) retrieved from /opt/airflow/dags/postgres_dag.py
[2023-06-16 12:18:16,299] {logging_mixin.py:115} INFO - [2023-06-16 12:18:16,299] {dag.py:2379} INFO - Sync 1 DAGs
[2023-06-16 12:18:16,319] {logging_mixin.py:115} INFO - [2023-06-16 12:18:16,319] {dag.py:2931} INFO - Setting next_dagrun for postgres_dag to 2023-06-16T00:00:00+00:00, run_after=2023-06-17T00:00:00+00:00
[2023-06-16 12:18:16,335] {processor.py:161} INFO - Processing /opt/airflow/dags/postgres_dag.py took 0.106 seconds
[2023-06-16 12:18:46,508] {processor.py:153} INFO - Started process (PID=720) to work on /opt/airflow/dags/postgres_dag.py
[2023-06-16 12:18:46,510] {processor.py:641} INFO - Processing file /opt/airflow/dags/postgres_dag.py for tasks to queue
[2023-06-16 12:18:46,512] {logging_mixin.py:115} INFO - [2023-06-16 12:18:46,512] {dagbag.py:507} INFO - Filling up the DagBag from /opt/airflow/dags/postgres_dag.py
[2023-06-16 12:18:46,545] {processor.py:651} INFO - DAG(s) dict_keys(['postgres_dag']) retrieved from /opt/airflow/dags/postgres_dag.py
[2023-06-16 12:18:46,578] {logging_mixin.py:115} INFO - [2023-06-16 12:18:46,578] {dag.py:2379} INFO - Sync 1 DAGs
[2023-06-16 12:18:46,598] {logging_mixin.py:115} INFO - [2023-06-16 12:18:46,598] {dag.py:2931} INFO - Setting next_dagrun for postgres_dag to 2023-06-16T00:00:00+00:00, run_after=2023-06-17T00:00:00+00:00
[2023-06-16 12:18:46,606] {processor.py:161} INFO - Processing /opt/airflow/dags/postgres_dag.py took 0.106 seconds
[2023-06-16 12:19:16,780] {processor.py:153} INFO - Started process (PID=748) to work on /opt/airflow/dags/postgres_dag.py
[2023-06-16 12:19:16,782] {processor.py:641} INFO - Processing file /opt/airflow/dags/postgres_dag.py for tasks to queue
[2023-06-16 12:19:16,783] {logging_mixin.py:115} INFO - [2023-06-16 12:19:16,783] {dagbag.py:507} INFO - Filling up the DagBag from /opt/airflow/dags/postgres_dag.py
[2023-06-16 12:19:16,809] {processor.py:651} INFO - DAG(s) dict_keys(['postgres_dag']) retrieved from /opt/airflow/dags/postgres_dag.py
[2023-06-16 12:19:16,836] {logging_mixin.py:115} INFO - [2023-06-16 12:19:16,836] {dag.py:2379} INFO - Sync 1 DAGs
[2023-06-16 12:19:16,856] {logging_mixin.py:115} INFO - [2023-06-16 12:19:16,856] {dag.py:2931} INFO - Setting next_dagrun for postgres_dag to 2023-06-16T00:00:00+00:00, run_after=2023-06-17T00:00:00+00:00
[2023-06-16 12:19:16,864] {processor.py:161} INFO - Processing /opt/airflow/dags/postgres_dag.py took 0.092 seconds
[2023-06-16 12:19:47,036] {processor.py:153} INFO - Started process (PID=775) to work on /opt/airflow/dags/postgres_dag.py
[2023-06-16 12:19:47,039] {processor.py:641} INFO - Processing file /opt/airflow/dags/postgres_dag.py for tasks to queue
[2023-06-16 12:19:47,041] {logging_mixin.py:115} INFO - [2023-06-16 12:19:47,041] {dagbag.py:507} INFO - Filling up the DagBag from /opt/airflow/dags/postgres_dag.py
[2023-06-16 12:19:47,078] {processor.py:651} INFO - DAG(s) dict_keys(['postgres_dag']) retrieved from /opt/airflow/dags/postgres_dag.py
[2023-06-16 12:19:47,121] {logging_mixin.py:115} INFO - [2023-06-16 12:19:47,121] {dag.py:2379} INFO - Sync 1 DAGs
[2023-06-16 12:19:47,177] {logging_mixin.py:115} INFO - [2023-06-16 12:19:47,177] {dag.py:2931} INFO - Setting next_dagrun for postgres_dag to 2023-06-16T00:00:00+00:00, run_after=2023-06-17T00:00:00+00:00
[2023-06-16 12:19:47,198] {processor.py:161} INFO - Processing /opt/airflow/dags/postgres_dag.py took 0.166 seconds
[2023-06-16 12:20:17,464] {processor.py:153} INFO - Started process (PID=793) to work on /opt/airflow/dags/postgres_dag.py
[2023-06-16 12:20:17,467] {processor.py:641} INFO - Processing file /opt/airflow/dags/postgres_dag.py for tasks to queue
[2023-06-16 12:20:17,468] {logging_mixin.py:115} INFO - [2023-06-16 12:20:17,468] {dagbag.py:507} INFO - Filling up the DagBag from /opt/airflow/dags/postgres_dag.py
[2023-06-16 12:20:17,511] {processor.py:651} INFO - DAG(s) dict_keys(['postgres_dag']) retrieved from /opt/airflow/dags/postgres_dag.py
[2023-06-16 12:20:17,550] {logging_mixin.py:115} INFO - [2023-06-16 12:20:17,550] {dag.py:2379} INFO - Sync 1 DAGs
[2023-06-16 12:20:17,573] {logging_mixin.py:115} INFO - [2023-06-16 12:20:17,573] {dag.py:2931} INFO - Setting next_dagrun for postgres_dag to 2023-06-16T00:00:00+00:00, run_after=2023-06-17T00:00:00+00:00
[2023-06-16 12:20:17,582] {processor.py:161} INFO - Processing /opt/airflow/dags/postgres_dag.py took 0.128 seconds
[2023-06-16 12:20:47,762] {processor.py:153} INFO - Started process (PID=821) to work on /opt/airflow/dags/postgres_dag.py
[2023-06-16 12:20:47,764] {processor.py:641} INFO - Processing file /opt/airflow/dags/postgres_dag.py for tasks to queue
[2023-06-16 12:20:47,766] {logging_mixin.py:115} INFO - [2023-06-16 12:20:47,765] {dagbag.py:507} INFO - Filling up the DagBag from /opt/airflow/dags/postgres_dag.py
[2023-06-16 12:20:47,825] {processor.py:651} INFO - DAG(s) dict_keys(['postgres_dag']) retrieved from /opt/airflow/dags/postgres_dag.py
[2023-06-16 12:20:47,875] {logging_mixin.py:115} INFO - [2023-06-16 12:20:47,874] {dag.py:2379} INFO - Sync 1 DAGs
[2023-06-16 12:20:47,898] {logging_mixin.py:115} INFO - [2023-06-16 12:20:47,898] {dag.py:2931} INFO - Setting next_dagrun for postgres_dag to 2023-06-16T00:00:00+00:00, run_after=2023-06-17T00:00:00+00:00
[2023-06-16 12:20:47,906] {processor.py:161} INFO - Processing /opt/airflow/dags/postgres_dag.py took 0.153 seconds
[2023-06-16 12:21:18,089] {processor.py:153} INFO - Started process (PID=849) to work on /opt/airflow/dags/postgres_dag.py
[2023-06-16 12:21:18,093] {processor.py:641} INFO - Processing file /opt/airflow/dags/postgres_dag.py for tasks to queue
[2023-06-16 12:21:18,096] {logging_mixin.py:115} INFO - [2023-06-16 12:21:18,095] {dagbag.py:507} INFO - Filling up the DagBag from /opt/airflow/dags/postgres_dag.py
[2023-06-16 12:21:18,192] {processor.py:651} INFO - DAG(s) dict_keys(['postgres_dag']) retrieved from /opt/airflow/dags/postgres_dag.py
[2023-06-16 12:21:18,265] {logging_mixin.py:115} INFO - [2023-06-16 12:21:18,265] {dag.py:2379} INFO - Sync 1 DAGs
[2023-06-16 12:21:18,319] {logging_mixin.py:115} INFO - [2023-06-16 12:21:18,319] {dag.py:2931} INFO - Setting next_dagrun for postgres_dag to 2023-06-16T00:00:00+00:00, run_after=2023-06-17T00:00:00+00:00
[2023-06-16 12:21:18,337] {processor.py:161} INFO - Processing /opt/airflow/dags/postgres_dag.py took 0.261 seconds
[2023-06-16 12:21:48,549] {processor.py:153} INFO - Started process (PID=868) to work on /opt/airflow/dags/postgres_dag.py
[2023-06-16 12:21:48,551] {processor.py:641} INFO - Processing file /opt/airflow/dags/postgres_dag.py for tasks to queue
[2023-06-16 12:21:48,552] {logging_mixin.py:115} INFO - [2023-06-16 12:21:48,552] {dagbag.py:507} INFO - Filling up the DagBag from /opt/airflow/dags/postgres_dag.py
[2023-06-16 12:21:48,598] {processor.py:651} INFO - DAG(s) dict_keys(['postgres_dag']) retrieved from /opt/airflow/dags/postgres_dag.py
[2023-06-16 12:21:48,711] {logging_mixin.py:115} INFO - [2023-06-16 12:21:48,710] {dag.py:2379} INFO - Sync 1 DAGs
[2023-06-16 12:21:48,797] {logging_mixin.py:115} INFO - [2023-06-16 12:21:48,797] {dag.py:2931} INFO - Setting next_dagrun for postgres_dag to 2023-06-16T00:00:00+00:00, run_after=2023-06-17T00:00:00+00:00
[2023-06-16 12:21:48,812] {processor.py:161} INFO - Processing /opt/airflow/dags/postgres_dag.py took 0.271 seconds
[2023-06-16 12:22:19,026] {processor.py:153} INFO - Started process (PID=896) to work on /opt/airflow/dags/postgres_dag.py
[2023-06-16 12:22:19,028] {processor.py:641} INFO - Processing file /opt/airflow/dags/postgres_dag.py for tasks to queue
[2023-06-16 12:22:19,029] {logging_mixin.py:115} INFO - [2023-06-16 12:22:19,029] {dagbag.py:507} INFO - Filling up the DagBag from /opt/airflow/dags/postgres_dag.py
[2023-06-16 12:22:19,056] {processor.py:651} INFO - DAG(s) dict_keys(['postgres_dag']) retrieved from /opt/airflow/dags/postgres_dag.py
[2023-06-16 12:22:19,110] {logging_mixin.py:115} INFO - [2023-06-16 12:22:19,110] {dag.py:2379} INFO - Sync 1 DAGs
[2023-06-16 12:22:19,154] {logging_mixin.py:115} INFO - [2023-06-16 12:22:19,154] {dag.py:2931} INFO - Setting next_dagrun for postgres_dag to 2023-06-16T00:00:00+00:00, run_after=2023-06-17T00:00:00+00:00
[2023-06-16 12:22:19,163] {processor.py:161} INFO - Processing /opt/airflow/dags/postgres_dag.py took 0.147 seconds
[2023-06-16 12:22:49,395] {processor.py:153} INFO - Started process (PID=924) to work on /opt/airflow/dags/postgres_dag.py
[2023-06-16 12:22:49,400] {processor.py:641} INFO - Processing file /opt/airflow/dags/postgres_dag.py for tasks to queue
[2023-06-16 12:22:49,404] {logging_mixin.py:115} INFO - [2023-06-16 12:22:49,404] {dagbag.py:507} INFO - Filling up the DagBag from /opt/airflow/dags/postgres_dag.py
[2023-06-16 12:22:49,436] {processor.py:651} INFO - DAG(s) dict_keys(['postgres_dag']) retrieved from /opt/airflow/dags/postgres_dag.py
[2023-06-16 12:22:49,480] {logging_mixin.py:115} INFO - [2023-06-16 12:22:49,480] {dag.py:2379} INFO - Sync 1 DAGs
[2023-06-16 12:22:49,503] {logging_mixin.py:115} INFO - [2023-06-16 12:22:49,503] {dag.py:2931} INFO - Setting next_dagrun for postgres_dag to 2023-06-16T00:00:00+00:00, run_after=2023-06-17T00:00:00+00:00
[2023-06-16 12:22:49,511] {processor.py:161} INFO - Processing /opt/airflow/dags/postgres_dag.py took 0.131 seconds
[2023-06-16 12:23:19,674] {processor.py:153} INFO - Started process (PID=952) to work on /opt/airflow/dags/postgres_dag.py
[2023-06-16 12:23:19,676] {processor.py:641} INFO - Processing file /opt/airflow/dags/postgres_dag.py for tasks to queue
[2023-06-16 12:23:19,677] {logging_mixin.py:115} INFO - [2023-06-16 12:23:19,677] {dagbag.py:507} INFO - Filling up the DagBag from /opt/airflow/dags/postgres_dag.py
[2023-06-16 12:23:19,709] {processor.py:651} INFO - DAG(s) dict_keys(['postgres_dag']) retrieved from /opt/airflow/dags/postgres_dag.py
[2023-06-16 12:23:19,761] {logging_mixin.py:115} INFO - [2023-06-16 12:23:19,761] {dag.py:2379} INFO - Sync 1 DAGs
[2023-06-16 12:23:19,804] {logging_mixin.py:115} INFO - [2023-06-16 12:23:19,804] {dag.py:2931} INFO - Setting next_dagrun for postgres_dag to 2023-06-16T00:00:00+00:00, run_after=2023-06-17T00:00:00+00:00
[2023-06-16 12:23:19,816] {processor.py:161} INFO - Processing /opt/airflow/dags/postgres_dag.py took 0.149 seconds
[2023-06-16 12:23:49,984] {processor.py:153} INFO - Started process (PID=971) to work on /opt/airflow/dags/postgres_dag.py
[2023-06-16 12:23:49,985] {processor.py:641} INFO - Processing file /opt/airflow/dags/postgres_dag.py for tasks to queue
[2023-06-16 12:23:49,986] {logging_mixin.py:115} INFO - [2023-06-16 12:23:49,986] {dagbag.py:507} INFO - Filling up the DagBag from /opt/airflow/dags/postgres_dag.py
[2023-06-16 12:23:50,031] {processor.py:651} INFO - DAG(s) dict_keys(['postgres_dag']) retrieved from /opt/airflow/dags/postgres_dag.py
[2023-06-16 12:23:50,072] {logging_mixin.py:115} INFO - [2023-06-16 12:23:50,072] {dag.py:2379} INFO - Sync 1 DAGs
[2023-06-16 12:23:50,111] {logging_mixin.py:115} INFO - [2023-06-16 12:23:50,111] {dag.py:2931} INFO - Setting next_dagrun for postgres_dag to 2023-06-16T00:00:00+00:00, run_after=2023-06-17T00:00:00+00:00
[2023-06-16 12:23:50,121] {processor.py:161} INFO - Processing /opt/airflow/dags/postgres_dag.py took 0.144 seconds
[2023-06-16 12:24:20,270] {processor.py:153} INFO - Started process (PID=1000) to work on /opt/airflow/dags/postgres_dag.py
[2023-06-16 12:24:20,272] {processor.py:641} INFO - Processing file /opt/airflow/dags/postgres_dag.py for tasks to queue
[2023-06-16 12:24:20,273] {logging_mixin.py:115} INFO - [2023-06-16 12:24:20,273] {dagbag.py:507} INFO - Filling up the DagBag from /opt/airflow/dags/postgres_dag.py
[2023-06-16 12:24:20,295] {processor.py:651} INFO - DAG(s) dict_keys(['postgres_dag']) retrieved from /opt/airflow/dags/postgres_dag.py
[2023-06-16 12:24:20,340] {logging_mixin.py:115} INFO - [2023-06-16 12:24:20,340] {dag.py:2379} INFO - Sync 1 DAGs
[2023-06-16 12:24:20,361] {logging_mixin.py:115} INFO - [2023-06-16 12:24:20,361] {dag.py:2931} INFO - Setting next_dagrun for postgres_dag to 2023-06-16T00:00:00+00:00, run_after=2023-06-17T00:00:00+00:00
[2023-06-16 12:24:20,369] {processor.py:161} INFO - Processing /opt/airflow/dags/postgres_dag.py took 0.106 seconds
[2023-06-16 12:24:50,447] {processor.py:153} INFO - Started process (PID=1028) to work on /opt/airflow/dags/postgres_dag.py
[2023-06-16 12:24:50,450] {processor.py:641} INFO - Processing file /opt/airflow/dags/postgres_dag.py for tasks to queue
[2023-06-16 12:24:50,451] {logging_mixin.py:115} INFO - [2023-06-16 12:24:50,451] {dagbag.py:507} INFO - Filling up the DagBag from /opt/airflow/dags/postgres_dag.py
[2023-06-16 12:24:50,477] {processor.py:651} INFO - DAG(s) dict_keys(['postgres_dag']) retrieved from /opt/airflow/dags/postgres_dag.py
[2023-06-16 12:24:50,504] {logging_mixin.py:115} INFO - [2023-06-16 12:24:50,504] {dag.py:2379} INFO - Sync 1 DAGs
[2023-06-16 12:24:50,522] {logging_mixin.py:115} INFO - [2023-06-16 12:24:50,522] {dag.py:2931} INFO - Setting next_dagrun for postgres_dag to 2023-06-16T00:00:00+00:00, run_after=2023-06-17T00:00:00+00:00
[2023-06-16 12:24:50,530] {processor.py:161} INFO - Processing /opt/airflow/dags/postgres_dag.py took 0.088 seconds
[2023-06-16 12:25:20,615] {processor.py:153} INFO - Started process (PID=1056) to work on /opt/airflow/dags/postgres_dag.py
[2023-06-16 12:25:20,617] {processor.py:641} INFO - Processing file /opt/airflow/dags/postgres_dag.py for tasks to queue
[2023-06-16 12:25:20,618] {logging_mixin.py:115} INFO - [2023-06-16 12:25:20,618] {dagbag.py:507} INFO - Filling up the DagBag from /opt/airflow/dags/postgres_dag.py
[2023-06-16 12:25:20,655] {processor.py:651} INFO - DAG(s) dict_keys(['postgres_dag']) retrieved from /opt/airflow/dags/postgres_dag.py
[2023-06-16 12:25:20,690] {logging_mixin.py:115} INFO - [2023-06-16 12:25:20,690] {dag.py:2379} INFO - Sync 1 DAGs
[2023-06-16 12:25:20,720] {logging_mixin.py:115} INFO - [2023-06-16 12:25:20,720] {dag.py:2931} INFO - Setting next_dagrun for postgres_dag to 2023-06-16T00:00:00+00:00, run_after=2023-06-17T00:00:00+00:00
[2023-06-16 12:25:20,731] {processor.py:161} INFO - Processing /opt/airflow/dags/postgres_dag.py took 0.121 seconds
[2023-06-16 12:25:50,921] {processor.py:153} INFO - Started process (PID=1075) to work on /opt/airflow/dags/postgres_dag.py
[2023-06-16 12:25:50,923] {processor.py:641} INFO - Processing file /opt/airflow/dags/postgres_dag.py for tasks to queue
[2023-06-16 12:25:50,924] {logging_mixin.py:115} INFO - [2023-06-16 12:25:50,924] {dagbag.py:507} INFO - Filling up the DagBag from /opt/airflow/dags/postgres_dag.py
[2023-06-16 12:25:50,953] {processor.py:651} INFO - DAG(s) dict_keys(['postgres_dag']) retrieved from /opt/airflow/dags/postgres_dag.py
[2023-06-16 12:25:50,980] {logging_mixin.py:115} INFO - [2023-06-16 12:25:50,979] {dag.py:2379} INFO - Sync 1 DAGs
[2023-06-16 12:25:50,998] {logging_mixin.py:115} INFO - [2023-06-16 12:25:50,998] {dag.py:2931} INFO - Setting next_dagrun for postgres_dag to 2023-06-16T00:00:00+00:00, run_after=2023-06-17T00:00:00+00:00
[2023-06-16 12:25:51,420] {processor.py:161} INFO - Processing /opt/airflow/dags/postgres_dag.py took 0.508 seconds
[2023-06-16 12:26:21,590] {processor.py:153} INFO - Started process (PID=1102) to work on /opt/airflow/dags/postgres_dag.py
[2023-06-16 12:26:21,594] {processor.py:641} INFO - Processing file /opt/airflow/dags/postgres_dag.py for tasks to queue
[2023-06-16 12:26:21,596] {logging_mixin.py:115} INFO - [2023-06-16 12:26:21,596] {dagbag.py:507} INFO - Filling up the DagBag from /opt/airflow/dags/postgres_dag.py
[2023-06-16 12:26:21,652] {processor.py:651} INFO - DAG(s) dict_keys(['postgres_dag']) retrieved from /opt/airflow/dags/postgres_dag.py
[2023-06-16 12:26:21,683] {logging_mixin.py:115} INFO - [2023-06-16 12:26:21,683] {dag.py:2379} INFO - Sync 1 DAGs
[2023-06-16 12:26:21,704] {logging_mixin.py:115} INFO - [2023-06-16 12:26:21,704] {dag.py:2931} INFO - Setting next_dagrun for postgres_dag to 2023-06-16T00:00:00+00:00, run_after=2023-06-17T00:00:00+00:00
[2023-06-16 12:26:21,892] {processor.py:161} INFO - Processing /opt/airflow/dags/postgres_dag.py took 0.313 seconds
[2023-06-16 12:26:52,142] {processor.py:153} INFO - Started process (PID=1129) to work on /opt/airflow/dags/postgres_dag.py
[2023-06-16 12:26:52,144] {processor.py:641} INFO - Processing file /opt/airflow/dags/postgres_dag.py for tasks to queue
[2023-06-16 12:26:52,146] {logging_mixin.py:115} INFO - [2023-06-16 12:26:52,146] {dagbag.py:507} INFO - Filling up the DagBag from /opt/airflow/dags/postgres_dag.py
[2023-06-16 12:26:52,312] {processor.py:651} INFO - DAG(s) dict_keys(['postgres_dag']) retrieved from /opt/airflow/dags/postgres_dag.py
[2023-06-16 12:26:52,353] {logging_mixin.py:115} INFO - [2023-06-16 12:26:52,353] {dag.py:2379} INFO - Sync 1 DAGs
[2023-06-16 12:26:52,385] {logging_mixin.py:115} INFO - [2023-06-16 12:26:52,385] {dag.py:2931} INFO - Setting next_dagrun for postgres_dag to 2023-06-16T00:00:00+00:00, run_after=2023-06-17T00:00:00+00:00
[2023-06-16 12:26:52,609] {processor.py:161} INFO - Processing /opt/airflow/dags/postgres_dag.py took 0.475 seconds
[2023-06-16 12:27:22,752] {processor.py:153} INFO - Started process (PID=1158) to work on /opt/airflow/dags/postgres_dag.py
[2023-06-16 12:27:22,754] {processor.py:641} INFO - Processing file /opt/airflow/dags/postgres_dag.py for tasks to queue
[2023-06-16 12:27:22,755] {logging_mixin.py:115} INFO - [2023-06-16 12:27:22,755] {dagbag.py:507} INFO - Filling up the DagBag from /opt/airflow/dags/postgres_dag.py
[2023-06-16 12:27:22,790] {processor.py:651} INFO - DAG(s) dict_keys(['postgres_dag']) retrieved from /opt/airflow/dags/postgres_dag.py
[2023-06-16 12:27:22,819] {logging_mixin.py:115} INFO - [2023-06-16 12:27:22,819] {dag.py:2379} INFO - Sync 1 DAGs
[2023-06-16 12:27:22,839] {logging_mixin.py:115} INFO - [2023-06-16 12:27:22,838] {dag.py:2931} INFO - Setting next_dagrun for postgres_dag to 2023-06-16T00:00:00+00:00, run_after=2023-06-17T00:00:00+00:00
[2023-06-16 12:27:23,033] {processor.py:161} INFO - Processing /opt/airflow/dags/postgres_dag.py took 0.286 seconds
[2023-06-16 12:27:53,202] {processor.py:153} INFO - Started process (PID=1187) to work on /opt/airflow/dags/postgres_dag.py
[2023-06-16 12:27:53,204] {processor.py:641} INFO - Processing file /opt/airflow/dags/postgres_dag.py for tasks to queue
[2023-06-16 12:27:53,205] {logging_mixin.py:115} INFO - [2023-06-16 12:27:53,205] {dagbag.py:507} INFO - Filling up the DagBag from /opt/airflow/dags/postgres_dag.py
[2023-06-16 12:27:53,248] {processor.py:651} INFO - DAG(s) dict_keys(['postgres_dag']) retrieved from /opt/airflow/dags/postgres_dag.py
[2023-06-16 12:27:53,296] {logging_mixin.py:115} INFO - [2023-06-16 12:27:53,296] {dag.py:2379} INFO - Sync 1 DAGs
[2023-06-16 12:27:53,333] {logging_mixin.py:115} INFO - [2023-06-16 12:27:53,333] {dag.py:2931} INFO - Setting next_dagrun for postgres_dag to 2023-06-16T00:00:00+00:00, run_after=2023-06-17T00:00:00+00:00
[2023-06-16 12:27:53,589] {processor.py:161} INFO - Processing /opt/airflow/dags/postgres_dag.py took 0.392 seconds
[2023-06-16 12:28:23,758] {processor.py:153} INFO - Started process (PID=1206) to work on /opt/airflow/dags/postgres_dag.py
[2023-06-16 12:28:23,760] {processor.py:641} INFO - Processing file /opt/airflow/dags/postgres_dag.py for tasks to queue
[2023-06-16 12:28:23,762] {logging_mixin.py:115} INFO - [2023-06-16 12:28:23,762] {dagbag.py:507} INFO - Filling up the DagBag from /opt/airflow/dags/postgres_dag.py
[2023-06-16 12:28:23,795] {processor.py:651} INFO - DAG(s) dict_keys(['postgres_dag']) retrieved from /opt/airflow/dags/postgres_dag.py
[2023-06-16 12:28:23,848] {logging_mixin.py:115} INFO - [2023-06-16 12:28:23,848] {dag.py:2379} INFO - Sync 1 DAGs
[2023-06-16 12:28:23,870] {logging_mixin.py:115} INFO - [2023-06-16 12:28:23,870] {dag.py:2931} INFO - Setting next_dagrun for postgres_dag to 2023-06-16T00:00:00+00:00, run_after=2023-06-17T00:00:00+00:00
[2023-06-16 12:28:24,055] {processor.py:161} INFO - Processing /opt/airflow/dags/postgres_dag.py took 0.304 seconds
[2023-06-16 12:28:54,248] {processor.py:153} INFO - Started process (PID=1234) to work on /opt/airflow/dags/postgres_dag.py
[2023-06-16 12:28:54,251] {processor.py:641} INFO - Processing file /opt/airflow/dags/postgres_dag.py for tasks to queue
[2023-06-16 12:28:54,258] {logging_mixin.py:115} INFO - [2023-06-16 12:28:54,258] {dagbag.py:507} INFO - Filling up the DagBag from /opt/airflow/dags/postgres_dag.py
[2023-06-16 12:28:54,298] {processor.py:651} INFO - DAG(s) dict_keys(['postgres_dag']) retrieved from /opt/airflow/dags/postgres_dag.py
[2023-06-16 12:28:54,331] {logging_mixin.py:115} INFO - [2023-06-16 12:28:54,331] {dag.py:2379} INFO - Sync 1 DAGs
[2023-06-16 12:28:54,354] {logging_mixin.py:115} INFO - [2023-06-16 12:28:54,354] {dag.py:2931} INFO - Setting next_dagrun for postgres_dag to 2023-06-16T00:00:00+00:00, run_after=2023-06-17T00:00:00+00:00
[2023-06-16 12:28:54,613] {processor.py:161} INFO - Processing /opt/airflow/dags/postgres_dag.py took 0.377 seconds
[2023-06-16 12:29:24,804] {processor.py:153} INFO - Started process (PID=1262) to work on /opt/airflow/dags/postgres_dag.py
[2023-06-16 12:29:24,806] {processor.py:641} INFO - Processing file /opt/airflow/dags/postgres_dag.py for tasks to queue
[2023-06-16 12:29:24,808] {logging_mixin.py:115} INFO - [2023-06-16 12:29:24,808] {dagbag.py:507} INFO - Filling up the DagBag from /opt/airflow/dags/postgres_dag.py
[2023-06-16 12:29:24,836] {processor.py:651} INFO - DAG(s) dict_keys(['postgres_dag']) retrieved from /opt/airflow/dags/postgres_dag.py
[2023-06-16 12:29:24,864] {logging_mixin.py:115} INFO - [2023-06-16 12:29:24,864] {dag.py:2379} INFO - Sync 1 DAGs
[2023-06-16 12:29:24,885] {logging_mixin.py:115} INFO - [2023-06-16 12:29:24,885] {dag.py:2931} INFO - Setting next_dagrun for postgres_dag to 2023-06-16T00:00:00+00:00, run_after=2023-06-17T00:00:00+00:00
[2023-06-16 12:29:25,058] {processor.py:161} INFO - Processing /opt/airflow/dags/postgres_dag.py took 0.263 seconds
[2023-06-16 12:29:55,201] {processor.py:153} INFO - Started process (PID=1290) to work on /opt/airflow/dags/postgres_dag.py
[2023-06-16 12:29:55,203] {processor.py:641} INFO - Processing file /opt/airflow/dags/postgres_dag.py for tasks to queue
[2023-06-16 12:29:55,204] {logging_mixin.py:115} INFO - [2023-06-16 12:29:55,204] {dagbag.py:507} INFO - Filling up the DagBag from /opt/airflow/dags/postgres_dag.py
[2023-06-16 12:29:55,227] {processor.py:651} INFO - DAG(s) dict_keys(['postgres_dag']) retrieved from /opt/airflow/dags/postgres_dag.py
[2023-06-16 12:29:55,274] {logging_mixin.py:115} INFO - [2023-06-16 12:29:55,274] {dag.py:2379} INFO - Sync 1 DAGs
[2023-06-16 12:29:55,298] {logging_mixin.py:115} INFO - [2023-06-16 12:29:55,298] {dag.py:2931} INFO - Setting next_dagrun for postgres_dag to 2023-06-16T00:00:00+00:00, run_after=2023-06-17T00:00:00+00:00
[2023-06-16 12:29:55,472] {processor.py:161} INFO - Processing /opt/airflow/dags/postgres_dag.py took 0.275 seconds
[2023-06-16 12:30:25,651] {processor.py:153} INFO - Started process (PID=1309) to work on /opt/airflow/dags/postgres_dag.py
[2023-06-16 12:30:25,653] {processor.py:641} INFO - Processing file /opt/airflow/dags/postgres_dag.py for tasks to queue
[2023-06-16 12:30:25,657] {logging_mixin.py:115} INFO - [2023-06-16 12:30:25,657] {dagbag.py:507} INFO - Filling up the DagBag from /opt/airflow/dags/postgres_dag.py
[2023-06-16 12:30:25,701] {processor.py:651} INFO - DAG(s) dict_keys(['postgres_dag']) retrieved from /opt/airflow/dags/postgres_dag.py
[2023-06-16 12:30:25,745] {logging_mixin.py:115} INFO - [2023-06-16 12:30:25,745] {dag.py:2379} INFO - Sync 1 DAGs
[2023-06-16 12:30:25,767] {logging_mixin.py:115} INFO - [2023-06-16 12:30:25,767] {dag.py:2931} INFO - Setting next_dagrun for postgres_dag to 2023-06-16T00:00:00+00:00, run_after=2023-06-17T00:00:00+00:00
[2023-06-16 12:30:25,971] {processor.py:161} INFO - Processing /opt/airflow/dags/postgres_dag.py took 0.330 seconds
[2023-06-16 12:30:56,204] {processor.py:153} INFO - Started process (PID=1338) to work on /opt/airflow/dags/postgres_dag.py
[2023-06-16 12:30:56,206] {processor.py:641} INFO - Processing file /opt/airflow/dags/postgres_dag.py for tasks to queue
[2023-06-16 12:30:56,207] {logging_mixin.py:115} INFO - [2023-06-16 12:30:56,207] {dagbag.py:507} INFO - Filling up the DagBag from /opt/airflow/dags/postgres_dag.py
[2023-06-16 12:30:56,243] {processor.py:651} INFO - DAG(s) dict_keys(['postgres_dag']) retrieved from /opt/airflow/dags/postgres_dag.py
[2023-06-16 12:30:56,271] {logging_mixin.py:115} INFO - [2023-06-16 12:30:56,271] {dag.py:2379} INFO - Sync 1 DAGs
[2023-06-16 12:30:56,289] {logging_mixin.py:115} INFO - [2023-06-16 12:30:56,289] {dag.py:2931} INFO - Setting next_dagrun for postgres_dag to 2023-06-16T00:00:00+00:00, run_after=2023-06-17T00:00:00+00:00
[2023-06-16 12:30:56,473] {processor.py:161} INFO - Processing /opt/airflow/dags/postgres_dag.py took 0.276 seconds
[2023-06-16 12:31:26,639] {processor.py:153} INFO - Started process (PID=1366) to work on /opt/airflow/dags/postgres_dag.py
[2023-06-16 12:31:26,641] {processor.py:641} INFO - Processing file /opt/airflow/dags/postgres_dag.py for tasks to queue
[2023-06-16 12:31:26,643] {logging_mixin.py:115} INFO - [2023-06-16 12:31:26,643] {dagbag.py:507} INFO - Filling up the DagBag from /opt/airflow/dags/postgres_dag.py
[2023-06-16 12:31:26,667] {processor.py:651} INFO - DAG(s) dict_keys(['postgres_dag']) retrieved from /opt/airflow/dags/postgres_dag.py
[2023-06-16 12:31:26,694] {logging_mixin.py:115} INFO - [2023-06-16 12:31:26,693] {dag.py:2379} INFO - Sync 1 DAGs
[2023-06-16 12:31:26,711] {logging_mixin.py:115} INFO - [2023-06-16 12:31:26,711] {dag.py:2931} INFO - Setting next_dagrun for postgres_dag to 2023-06-16T00:00:00+00:00, run_after=2023-06-17T00:00:00+00:00
[2023-06-16 12:31:26,868] {processor.py:161} INFO - Processing /opt/airflow/dags/postgres_dag.py took 0.238 seconds
[2023-06-16 12:31:57,031] {processor.py:153} INFO - Started process (PID=1394) to work on /opt/airflow/dags/postgres_dag.py
[2023-06-16 12:31:57,033] {processor.py:641} INFO - Processing file /opt/airflow/dags/postgres_dag.py for tasks to queue
[2023-06-16 12:31:57,034] {logging_mixin.py:115} INFO - [2023-06-16 12:31:57,034] {dagbag.py:507} INFO - Filling up the DagBag from /opt/airflow/dags/postgres_dag.py
[2023-06-16 12:31:57,066] {processor.py:651} INFO - DAG(s) dict_keys(['postgres_dag']) retrieved from /opt/airflow/dags/postgres_dag.py
[2023-06-16 12:31:57,095] {logging_mixin.py:115} INFO - [2023-06-16 12:31:57,095] {dag.py:2379} INFO - Sync 1 DAGs
[2023-06-16 12:31:57,117] {logging_mixin.py:115} INFO - [2023-06-16 12:31:57,116] {dag.py:2931} INFO - Setting next_dagrun for postgres_dag to 2023-06-16T00:00:00+00:00, run_after=2023-06-17T00:00:00+00:00
[2023-06-16 12:31:57,343] {processor.py:161} INFO - Processing /opt/airflow/dags/postgres_dag.py took 0.316 seconds
[2023-06-16 12:32:27,531] {processor.py:153} INFO - Started process (PID=1423) to work on /opt/airflow/dags/postgres_dag.py
[2023-06-16 12:32:27,534] {processor.py:641} INFO - Processing file /opt/airflow/dags/postgres_dag.py for tasks to queue
[2023-06-16 12:32:27,536] {logging_mixin.py:115} INFO - [2023-06-16 12:32:27,536] {dagbag.py:507} INFO - Filling up the DagBag from /opt/airflow/dags/postgres_dag.py
[2023-06-16 12:32:27,562] {processor.py:651} INFO - DAG(s) dict_keys(['postgres_dag']) retrieved from /opt/airflow/dags/postgres_dag.py
[2023-06-16 12:32:27,590] {logging_mixin.py:115} INFO - [2023-06-16 12:32:27,590] {dag.py:2379} INFO - Sync 1 DAGs
[2023-06-16 12:32:27,609] {logging_mixin.py:115} INFO - [2023-06-16 12:32:27,609] {dag.py:2931} INFO - Setting next_dagrun for postgres_dag to 2023-06-16T00:00:00+00:00, run_after=2023-06-17T00:00:00+00:00
[2023-06-16 12:32:27,881] {processor.py:161} INFO - Processing /opt/airflow/dags/postgres_dag.py took 0.359 seconds
[2023-06-16 12:32:58,115] {processor.py:153} INFO - Started process (PID=1442) to work on /opt/airflow/dags/postgres_dag.py
[2023-06-16 12:32:58,117] {processor.py:641} INFO - Processing file /opt/airflow/dags/postgres_dag.py for tasks to queue
[2023-06-16 12:32:58,119] {logging_mixin.py:115} INFO - [2023-06-16 12:32:58,119] {dagbag.py:507} INFO - Filling up the DagBag from /opt/airflow/dags/postgres_dag.py
[2023-06-16 12:32:58,159] {processor.py:651} INFO - DAG(s) dict_keys(['postgres_dag']) retrieved from /opt/airflow/dags/postgres_dag.py
[2023-06-16 12:32:58,187] {logging_mixin.py:115} INFO - [2023-06-16 12:32:58,187] {dag.py:2379} INFO - Sync 1 DAGs
[2023-06-16 12:32:58,208] {logging_mixin.py:115} INFO - [2023-06-16 12:32:58,208] {dag.py:2931} INFO - Setting next_dagrun for postgres_dag to 2023-06-16T00:00:00+00:00, run_after=2023-06-17T00:00:00+00:00
[2023-06-16 12:32:58,395] {processor.py:161} INFO - Processing /opt/airflow/dags/postgres_dag.py took 0.286 seconds
[2023-06-16 12:33:28,583] {processor.py:153} INFO - Started process (PID=1470) to work on /opt/airflow/dags/postgres_dag.py
[2023-06-16 12:33:28,585] {processor.py:641} INFO - Processing file /opt/airflow/dags/postgres_dag.py for tasks to queue
[2023-06-16 12:33:28,587] {logging_mixin.py:115} INFO - [2023-06-16 12:33:28,587] {dagbag.py:507} INFO - Filling up the DagBag from /opt/airflow/dags/postgres_dag.py
[2023-06-16 12:33:28,629] {processor.py:651} INFO - DAG(s) dict_keys(['postgres_dag']) retrieved from /opt/airflow/dags/postgres_dag.py
[2023-06-16 12:33:28,661] {logging_mixin.py:115} INFO - [2023-06-16 12:33:28,660] {dag.py:2379} INFO - Sync 1 DAGs
[2023-06-16 12:33:28,679] {logging_mixin.py:115} INFO - [2023-06-16 12:33:28,679] {dag.py:2931} INFO - Setting next_dagrun for postgres_dag to 2023-06-16T00:00:00+00:00, run_after=2023-06-17T00:00:00+00:00
[2023-06-16 12:33:28,845] {processor.py:161} INFO - Processing /opt/airflow/dags/postgres_dag.py took 0.272 seconds
[2023-06-16 12:33:59,002] {processor.py:153} INFO - Started process (PID=1497) to work on /opt/airflow/dags/postgres_dag.py
[2023-06-16 12:33:59,005] {processor.py:641} INFO - Processing file /opt/airflow/dags/postgres_dag.py for tasks to queue
[2023-06-16 12:33:59,007] {logging_mixin.py:115} INFO - [2023-06-16 12:33:59,007] {dagbag.py:507} INFO - Filling up the DagBag from /opt/airflow/dags/postgres_dag.py
[2023-06-16 12:33:59,037] {processor.py:651} INFO - DAG(s) dict_keys(['postgres_dag']) retrieved from /opt/airflow/dags/postgres_dag.py
[2023-06-16 12:33:59,065] {logging_mixin.py:115} INFO - [2023-06-16 12:33:59,065] {dag.py:2379} INFO - Sync 1 DAGs
[2023-06-16 12:33:59,084] {logging_mixin.py:115} INFO - [2023-06-16 12:33:59,084] {dag.py:2931} INFO - Setting next_dagrun for postgres_dag to 2023-06-16T00:00:00+00:00, run_after=2023-06-17T00:00:00+00:00
[2023-06-16 12:33:59,276] {processor.py:161} INFO - Processing /opt/airflow/dags/postgres_dag.py took 0.283 seconds
[2023-06-16 12:34:29,467] {processor.py:153} INFO - Started process (PID=1526) to work on /opt/airflow/dags/postgres_dag.py
[2023-06-16 12:34:29,469] {processor.py:641} INFO - Processing file /opt/airflow/dags/postgres_dag.py for tasks to queue
[2023-06-16 12:34:29,470] {logging_mixin.py:115} INFO - [2023-06-16 12:34:29,470] {dagbag.py:507} INFO - Filling up the DagBag from /opt/airflow/dags/postgres_dag.py
[2023-06-16 12:34:29,509] {processor.py:651} INFO - DAG(s) dict_keys(['postgres_dag']) retrieved from /opt/airflow/dags/postgres_dag.py
[2023-06-16 12:34:29,550] {logging_mixin.py:115} INFO - [2023-06-16 12:34:29,550] {dag.py:2379} INFO - Sync 1 DAGs
[2023-06-16 12:34:29,586] {logging_mixin.py:115} INFO - [2023-06-16 12:34:29,586] {dag.py:2931} INFO - Setting next_dagrun for postgres_dag to 2023-06-16T00:00:00+00:00, run_after=2023-06-17T00:00:00+00:00
[2023-06-16 12:34:29,787] {processor.py:161} INFO - Processing /opt/airflow/dags/postgres_dag.py took 0.326 seconds
[2023-06-16 12:34:59,971] {processor.py:153} INFO - Started process (PID=1553) to work on /opt/airflow/dags/postgres_dag.py
[2023-06-16 12:34:59,974] {processor.py:641} INFO - Processing file /opt/airflow/dags/postgres_dag.py for tasks to queue
[2023-06-16 12:34:59,975] {logging_mixin.py:115} INFO - [2023-06-16 12:34:59,975] {dagbag.py:507} INFO - Filling up the DagBag from /opt/airflow/dags/postgres_dag.py
[2023-06-16 12:35:00,003] {processor.py:651} INFO - DAG(s) dict_keys(['postgres_dag']) retrieved from /opt/airflow/dags/postgres_dag.py
[2023-06-16 12:35:00,028] {logging_mixin.py:115} INFO - [2023-06-16 12:35:00,028] {dag.py:2379} INFO - Sync 1 DAGs
[2023-06-16 12:35:00,056] {logging_mixin.py:115} INFO - [2023-06-16 12:35:00,056] {dag.py:2931} INFO - Setting next_dagrun for postgres_dag to 2023-06-16T00:00:00+00:00, run_after=2023-06-17T00:00:00+00:00
[2023-06-16 12:35:00,229] {processor.py:161} INFO - Processing /opt/airflow/dags/postgres_dag.py took 0.265 seconds
[2023-06-16 12:35:30,403] {processor.py:153} INFO - Started process (PID=1582) to work on /opt/airflow/dags/postgres_dag.py
[2023-06-16 12:35:30,405] {processor.py:641} INFO - Processing file /opt/airflow/dags/postgres_dag.py for tasks to queue
[2023-06-16 12:35:30,407] {logging_mixin.py:115} INFO - [2023-06-16 12:35:30,407] {dagbag.py:507} INFO - Filling up the DagBag from /opt/airflow/dags/postgres_dag.py
[2023-06-16 12:35:30,435] {processor.py:651} INFO - DAG(s) dict_keys(['postgres_dag']) retrieved from /opt/airflow/dags/postgres_dag.py
[2023-06-16 12:35:30,489] {logging_mixin.py:115} INFO - [2023-06-16 12:35:30,489] {dag.py:2379} INFO - Sync 1 DAGs
[2023-06-16 12:35:30,527] {logging_mixin.py:115} INFO - [2023-06-16 12:35:30,527] {dag.py:2931} INFO - Setting next_dagrun for postgres_dag to 2023-06-16T00:00:00+00:00, run_after=2023-06-17T00:00:00+00:00
[2023-06-16 12:35:30,774] {processor.py:161} INFO - Processing /opt/airflow/dags/postgres_dag.py took 0.378 seconds
[2023-06-16 12:36:00,946] {processor.py:153} INFO - Started process (PID=1601) to work on /opt/airflow/dags/postgres_dag.py
[2023-06-16 12:36:00,948] {processor.py:641} INFO - Processing file /opt/airflow/dags/postgres_dag.py for tasks to queue
[2023-06-16 12:36:00,949] {logging_mixin.py:115} INFO - [2023-06-16 12:36:00,949] {dagbag.py:507} INFO - Filling up the DagBag from /opt/airflow/dags/postgres_dag.py
[2023-06-16 12:36:00,974] {processor.py:651} INFO - DAG(s) dict_keys(['postgres_dag']) retrieved from /opt/airflow/dags/postgres_dag.py
[2023-06-16 12:36:01,002] {logging_mixin.py:115} INFO - [2023-06-16 12:36:01,002] {dag.py:2379} INFO - Sync 1 DAGs
[2023-06-16 12:36:01,020] {logging_mixin.py:115} INFO - [2023-06-16 12:36:01,020] {dag.py:2931} INFO - Setting next_dagrun for postgres_dag to 2023-06-16T00:00:00+00:00, run_after=2023-06-17T00:00:00+00:00
[2023-06-16 12:36:01,205] {processor.py:161} INFO - Processing /opt/airflow/dags/postgres_dag.py took 0.268 seconds
[2023-06-16 12:36:31,412] {processor.py:153} INFO - Started process (PID=1629) to work on /opt/airflow/dags/postgres_dag.py
[2023-06-16 12:36:31,415] {processor.py:641} INFO - Processing file /opt/airflow/dags/postgres_dag.py for tasks to queue
[2023-06-16 12:36:31,417] {logging_mixin.py:115} INFO - [2023-06-16 12:36:31,417] {dagbag.py:507} INFO - Filling up the DagBag from /opt/airflow/dags/postgres_dag.py
[2023-06-16 12:36:31,457] {processor.py:651} INFO - DAG(s) dict_keys(['postgres_dag']) retrieved from /opt/airflow/dags/postgres_dag.py
[2023-06-16 12:36:31,498] {logging_mixin.py:115} INFO - [2023-06-16 12:36:31,498] {dag.py:2379} INFO - Sync 1 DAGs
[2023-06-16 12:36:31,518] {logging_mixin.py:115} INFO - [2023-06-16 12:36:31,518] {dag.py:2931} INFO - Setting next_dagrun for postgres_dag to 2023-06-16T00:00:00+00:00, run_after=2023-06-17T00:00:00+00:00
[2023-06-16 12:36:31,697] {processor.py:161} INFO - Processing /opt/airflow/dags/postgres_dag.py took 0.294 seconds
[2023-06-16 12:37:01,877] {processor.py:153} INFO - Started process (PID=1656) to work on /opt/airflow/dags/postgres_dag.py
[2023-06-16 12:37:01,880] {processor.py:641} INFO - Processing file /opt/airflow/dags/postgres_dag.py for tasks to queue
[2023-06-16 12:37:01,881] {logging_mixin.py:115} INFO - [2023-06-16 12:37:01,881] {dagbag.py:507} INFO - Filling up the DagBag from /opt/airflow/dags/postgres_dag.py
[2023-06-16 12:37:01,906] {processor.py:651} INFO - DAG(s) dict_keys(['postgres_dag']) retrieved from /opt/airflow/dags/postgres_dag.py
[2023-06-16 12:37:01,933] {logging_mixin.py:115} INFO - [2023-06-16 12:37:01,933] {dag.py:2379} INFO - Sync 1 DAGs
[2023-06-16 12:37:01,983] {logging_mixin.py:115} INFO - [2023-06-16 12:37:01,983] {dag.py:2931} INFO - Setting next_dagrun for postgres_dag to 2023-06-16T00:00:00+00:00, run_after=2023-06-17T00:00:00+00:00
[2023-06-16 12:37:02,168] {processor.py:161} INFO - Processing /opt/airflow/dags/postgres_dag.py took 0.295 seconds
[2023-06-16 12:37:32,315] {processor.py:153} INFO - Started process (PID=1688) to work on /opt/airflow/dags/postgres_dag.py
[2023-06-16 12:37:32,317] {processor.py:641} INFO - Processing file /opt/airflow/dags/postgres_dag.py for tasks to queue
[2023-06-16 12:37:32,319] {logging_mixin.py:115} INFO - [2023-06-16 12:37:32,318] {dagbag.py:507} INFO - Filling up the DagBag from /opt/airflow/dags/postgres_dag.py
[2023-06-16 12:37:32,358] {processor.py:651} INFO - DAG(s) dict_keys(['postgres_dag']) retrieved from /opt/airflow/dags/postgres_dag.py
[2023-06-16 12:37:32,392] {logging_mixin.py:115} INFO - [2023-06-16 12:37:32,392] {dag.py:2379} INFO - Sync 1 DAGs
[2023-06-16 12:37:32,414] {logging_mixin.py:115} INFO - [2023-06-16 12:37:32,414] {dag.py:2931} INFO - Setting next_dagrun for postgres_dag to 2023-06-16T00:00:00+00:00, run_after=2023-06-17T00:00:00+00:00
[2023-06-16 12:37:32,611] {processor.py:161} INFO - Processing /opt/airflow/dags/postgres_dag.py took 0.303 seconds
[2023-06-16 12:38:02,742] {processor.py:153} INFO - Started process (PID=1716) to work on /opt/airflow/dags/postgres_dag.py
[2023-06-16 12:38:02,744] {processor.py:641} INFO - Processing file /opt/airflow/dags/postgres_dag.py for tasks to queue
[2023-06-16 12:38:02,745] {logging_mixin.py:115} INFO - [2023-06-16 12:38:02,745] {dagbag.py:507} INFO - Filling up the DagBag from /opt/airflow/dags/postgres_dag.py
[2023-06-16 12:38:02,769] {processor.py:651} INFO - DAG(s) dict_keys(['postgres_dag']) retrieved from /opt/airflow/dags/postgres_dag.py
[2023-06-16 12:38:02,802] {logging_mixin.py:115} INFO - [2023-06-16 12:38:02,802] {dag.py:2379} INFO - Sync 1 DAGs
[2023-06-16 12:38:02,834] {logging_mixin.py:115} INFO - [2023-06-16 12:38:02,834] {dag.py:2931} INFO - Setting next_dagrun for postgres_dag to 2023-06-16T00:00:00+00:00, run_after=2023-06-17T00:00:00+00:00
[2023-06-16 12:38:03,078] {processor.py:161} INFO - Processing /opt/airflow/dags/postgres_dag.py took 0.340 seconds
[2023-06-16 12:38:33,292] {processor.py:153} INFO - Started process (PID=1736) to work on /opt/airflow/dags/postgres_dag.py
[2023-06-16 12:38:33,295] {processor.py:641} INFO - Processing file /opt/airflow/dags/postgres_dag.py for tasks to queue
[2023-06-16 12:38:33,297] {logging_mixin.py:115} INFO - [2023-06-16 12:38:33,297] {dagbag.py:507} INFO - Filling up the DagBag from /opt/airflow/dags/postgres_dag.py
[2023-06-16 12:38:33,355] {processor.py:651} INFO - DAG(s) dict_keys(['postgres_dag']) retrieved from /opt/airflow/dags/postgres_dag.py
[2023-06-16 12:38:33,430] {logging_mixin.py:115} INFO - [2023-06-16 12:38:33,430] {dag.py:2379} INFO - Sync 1 DAGs
[2023-06-16 12:38:33,451] {logging_mixin.py:115} INFO - [2023-06-16 12:38:33,451] {dag.py:2931} INFO - Setting next_dagrun for postgres_dag to 2023-06-16T00:00:00+00:00, run_after=2023-06-17T00:00:00+00:00
[2023-06-16 12:38:33,727] {processor.py:161} INFO - Processing /opt/airflow/dags/postgres_dag.py took 0.447 seconds
