[2023-06-16 12:20:26,716] {taskinstance.py:1159} INFO - Dependencies all met for <TaskInstance: postgres_dag.query_task manual__2023-06-16T12:20:23.779846+00:00 [queued]>
[2023-06-16 12:20:26,725] {taskinstance.py:1159} INFO - Dependencies all met for <TaskInstance: postgres_dag.query_task manual__2023-06-16T12:20:23.779846+00:00 [queued]>
[2023-06-16 12:20:26,726] {taskinstance.py:1356} INFO - 
--------------------------------------------------------------------------------
[2023-06-16 12:20:26,727] {taskinstance.py:1357} INFO - Starting attempt 1 of 2
[2023-06-16 12:20:26,727] {taskinstance.py:1358} INFO - 
--------------------------------------------------------------------------------
[2023-06-16 12:20:26,736] {taskinstance.py:1377} INFO - Executing <Task(PostgresOperator): query_task> on 2023-06-16 12:20:23.779846+00:00
[2023-06-16 12:20:26,740] {standard_task_runner.py:52} INFO - Started process 793 to run task
[2023-06-16 12:20:26,743] {standard_task_runner.py:79} INFO - Running: ['***', 'tasks', 'run', 'postgres_dag', 'query_task', 'manual__2023-06-16T12:20:23.779846+00:00', '--job-id', '7', '--raw', '--subdir', 'DAGS_FOLDER/postgres_dag.py', '--cfg-path', '/tmp/tmpflu4c4y1', '--error-file', '/tmp/tmp1csm1nmk']
[2023-06-16 12:20:26,743] {standard_task_runner.py:80} INFO - Job 7: Subtask query_task
[2023-06-16 12:20:26,782] {task_command.py:370} INFO - Running <TaskInstance: postgres_dag.query_task manual__2023-06-16T12:20:23.779846+00:00 [running]> on host f97be8e8a009
[2023-06-16 12:20:26,825] {taskinstance.py:1571} INFO - Exporting the following env vars:
AIRFLOW_CTX_DAG_OWNER=***
AIRFLOW_CTX_DAG_ID=postgres_dag
AIRFLOW_CTX_TASK_ID=query_task
AIRFLOW_CTX_EXECUTION_DATE=2023-06-16T12:20:23.779846+00:00
AIRFLOW_CTX_TRY_NUMBER=1
AIRFLOW_CTX_DAG_RUN_ID=manual__2023-06-16T12:20:23.779846+00:00
[2023-06-16 12:20:26,833] {base.py:68} INFO - Using connection ID 'postgre_assign' for task execution.
[2023-06-16 12:20:26,838] {dbapi.py:213} INFO - Running statement: select * from execution;, parameters: None
[2023-06-16 12:20:26,839] {dbapi.py:221} INFO - Rows affected: 1
[2023-06-16 12:20:26,851] {taskinstance.py:1400} INFO - Marking task as SUCCESS. dag_id=postgres_dag, task_id=query_task, execution_date=20230616T122023, start_date=20230616T122026, end_date=20230616T122026
[2023-06-16 12:20:26,874] {local_task_job.py:156} INFO - Task exited with return code 0
[2023-06-16 12:20:26,907] {local_task_job.py:273} INFO - 0 downstream tasks scheduled from follow-on schedule check
